POKEGRA	=\
	pmpl_000_back_f.ncg	\
	pmpl_000_back_m.ncg	\
	pmpl_000_frnt_f.ncg	\
	pmpl_000_frnt_m.ncg	\
	pmpl_001_back_f.ncg	\
	pmpl_001_back_m.ncg	\
	pmpl_001_frnt_f.ncg	\
	pmpl_001_frnt_m.ncg	\
	pmpl_002_back_f.ncg	\
	pmpl_002_back_m.ncg	\
	pmpl_002_frnt_f.ncg	\
	pmpl_002_frnt_m.ncg	\
	pmpl_003_back_f.ncg	\
	pmpl_003_back_m.ncg	\
	pmpl_003_frnt_f.ncg	\
	pmpl_003_frnt_m.ncg	\
	pmpl_004_back_f.ncg	\
	pmpl_004_back_m.ncg	\
	pmpl_004_frnt_f.ncg	\
	pmpl_004_frnt_m.ncg	\
	pmpl_005_back_f.ncg	\
	pmpl_005_back_m.ncg	\
	pmpl_005_frnt_f.ncg	\
	pmpl_005_frnt_m.ncg	\
	pmpl_006_back_f.ncg	\
	pmpl_006_back_m.ncg	\
	pmpl_006_frnt_f.ncg	\
	pmpl_006_frnt_m.ncg	\
	pmpl_007_back_f.ncg	\
	pmpl_007_back_m.ncg	\
	pmpl_007_frnt_f.ncg	\
	pmpl_007_frnt_m.ncg	\
	pmpl_008_back_f.ncg	\
	pmpl_008_back_m.ncg	\
	pmpl_008_frnt_f.ncg	\
	pmpl_008_frnt_m.ncg	\
	pmpl_009_back_f.ncg	\
	pmpl_009_back_m.ncg	\
	pmpl_009_frnt_f.ncg	\
	pmpl_009_frnt_m.ncg	\
	pmpl_010_back_f.ncg	\
	pmpl_010_back_m.ncg	\
	pmpl_010_frnt_f.ncg	\
	pmpl_010_frnt_m.ncg	\
	pmpl_011_back_f.ncg	\
	pmpl_011_back_m.ncg	\
	pmpl_011_frnt_f.ncg	\
	pmpl_011_frnt_m.ncg	\
	pmpl_012_back_f.ncg	\
	pmpl_012_back_m.ncg	\
	pmpl_012_frnt_f.ncg	\
	pmpl_012_frnt_m.ncg	\
	pmpl_013_back_f.ncg	\
	pmpl_013_back_m.ncg	\
	pmpl_013_frnt_f.ncg	\
	pmpl_013_frnt_m.ncg	\
	pmpl_014_back_f.ncg	\
	pmpl_014_back_m.ncg	\
	pmpl_014_frnt_f.ncg	\
	pmpl_014_frnt_m.ncg	\
	pmpl_015_back_f.ncg	\
	pmpl_015_back_m.ncg	\
	pmpl_015_frnt_f.ncg	\
	pmpl_015_frnt_m.ncg	\
	pmpl_016_back_f.ncg	\
	pmpl_016_back_m.ncg	\
	pmpl_016_frnt_f.ncg	\
	pmpl_016_frnt_m.ncg	\
	pmpl_017_back_f.ncg	\
	pmpl_017_back_m.ncg	\
	pmpl_017_frnt_f.ncg	\
	pmpl_017_frnt_m.ncg	\
	pmpl_018_back_f.ncg	\
	pmpl_018_back_m.ncg	\
	pmpl_018_frnt_f.ncg	\
	pmpl_018_frnt_m.ncg	\
	pmpl_019_back_f.ncg	\
	pmpl_019_back_m.ncg	\
	pmpl_019_frnt_f.ncg	\
	pmpl_019_frnt_m.ncg	\
	pmpl_020_back_f.ncg	\
	pmpl_020_back_m.ncg	\
	pmpl_020_frnt_f.ncg	\
	pmpl_020_frnt_m.ncg	\
	pmpl_021_back_f.ncg	\
	pmpl_021_back_m.ncg	\
	pmpl_021_frnt_f.ncg	\
	pmpl_021_frnt_m.ncg	\
	pmpl_022_back_f.ncg	\
	pmpl_022_back_m.ncg	\
	pmpl_022_frnt_f.ncg	\
	pmpl_022_frnt_m.ncg	\
	pmpl_023_back_f.ncg	\
	pmpl_023_back_m.ncg	\
	pmpl_023_frnt_f.ncg	\
	pmpl_023_frnt_m.ncg	\
	pmpl_024_back_f.ncg	\
	pmpl_024_back_m.ncg	\
	pmpl_024_frnt_f.ncg	\
	pmpl_024_frnt_m.ncg	\
	pmpl_025_back_f.ncg	\
	pmpl_025_back_m.ncg	\
	pmpl_025_frnt_f.ncg	\
	pmpl_025_frnt_m.ncg	\
	pmpl_026_back_f.ncg	\
	pmpl_026_back_m.ncg	\
	pmpl_026_frnt_f.ncg	\
	pmpl_026_frnt_m.ncg	\
	pmpl_027_back_f.ncg	\
	pmpl_027_back_m.ncg	\
	pmpl_027_frnt_f.ncg	\
	pmpl_027_frnt_m.ncg	\
	pmpl_028_back_f.ncg	\
	pmpl_028_back_m.ncg	\
	pmpl_028_frnt_f.ncg	\
	pmpl_028_frnt_m.ncg	\
	pmpl_029_back_f.ncg	\
	pmpl_029_back_m.ncg	\
	pmpl_029_frnt_f.ncg	\
	pmpl_029_frnt_m.ncg	\
	pmpl_030_back_f.ncg	\
	pmpl_030_back_m.ncg	\
	pmpl_030_frnt_f.ncg	\
	pmpl_030_frnt_m.ncg	\
	pmpl_031_back_f.ncg	\
	pmpl_031_back_m.ncg	\
	pmpl_031_frnt_f.ncg	\
	pmpl_031_frnt_m.ncg	\
	pmpl_032_back_f.ncg	\
	pmpl_032_back_m.ncg	\
	pmpl_032_frnt_f.ncg	\
	pmpl_032_frnt_m.ncg	\
	pmpl_033_back_f.ncg	\
	pmpl_033_back_m.ncg	\
	pmpl_033_frnt_f.ncg	\
	pmpl_033_frnt_m.ncg	\
	pmpl_034_back_f.ncg	\
	pmpl_034_back_m.ncg	\
	pmpl_034_frnt_f.ncg	\
	pmpl_034_frnt_m.ncg	\
	pmpl_035_back_f.ncg	\
	pmpl_035_back_m.ncg	\
	pmpl_035_frnt_f.ncg	\
	pmpl_035_frnt_m.ncg	\
	pmpl_036_back_f.ncg	\
	pmpl_036_back_m.ncg	\
	pmpl_036_frnt_f.ncg	\
	pmpl_036_frnt_m.ncg	\
	pmpl_037_back_f.ncg	\
	pmpl_037_back_m.ncg	\
	pmpl_037_frnt_f.ncg	\
	pmpl_037_frnt_m.ncg	\
	pmpl_038_back_f.ncg	\
	pmpl_038_back_m.ncg	\
	pmpl_038_frnt_f.ncg	\
	pmpl_038_frnt_m.ncg	\
	pmpl_039_back_f.ncg	\
	pmpl_039_back_m.ncg	\
	pmpl_039_frnt_f.ncg	\
	pmpl_039_frnt_m.ncg	\
	pmpl_040_back_f.ncg	\
	pmpl_040_back_m.ncg	\
	pmpl_040_frnt_f.ncg	\
	pmpl_040_frnt_m.ncg	\
	pmpl_041_back_f.ncg	\
	pmpl_041_back_m.ncg	\
	pmpl_041_frnt_f.ncg	\
	pmpl_041_frnt_m.ncg	\
	pmpl_042_back_f.ncg	\
	pmpl_042_back_m.ncg	\
	pmpl_042_frnt_f.ncg	\
	pmpl_042_frnt_m.ncg	\
	pmpl_043_back_f.ncg	\
	pmpl_043_back_m.ncg	\
	pmpl_043_frnt_f.ncg	\
	pmpl_043_frnt_m.ncg	\
	pmpl_044_back_f.ncg	\
	pmpl_044_back_m.ncg	\
	pmpl_044_frnt_f.ncg	\
	pmpl_044_frnt_m.ncg	\
	pmpl_045_back_f.ncg	\
	pmpl_045_back_m.ncg	\
	pmpl_045_frnt_f.ncg	\
	pmpl_045_frnt_m.ncg	\
	pmpl_046_back_f.ncg	\
	pmpl_046_back_m.ncg	\
	pmpl_046_frnt_f.ncg	\
	pmpl_046_frnt_m.ncg	\
	pmpl_047_back_f.ncg	\
	pmpl_047_back_m.ncg	\
	pmpl_047_frnt_f.ncg	\
	pmpl_047_frnt_m.ncg	\
	pmpl_048_back_f.ncg	\
	pmpl_048_back_m.ncg	\
	pmpl_048_frnt_f.ncg	\
	pmpl_048_frnt_m.ncg	\
	pmpl_049_back_f.ncg	\
	pmpl_049_back_m.ncg	\
	pmpl_049_frnt_f.ncg	\
	pmpl_049_frnt_m.ncg	\
	pmpl_050_back_f.ncg	\
	pmpl_050_back_m.ncg	\
	pmpl_050_frnt_f.ncg	\
	pmpl_050_frnt_m.ncg	\
	pmpl_051_back_f.ncg	\
	pmpl_051_back_m.ncg	\
	pmpl_051_frnt_f.ncg	\
	pmpl_051_frnt_m.ncg	\
	pmpl_052_back_f.ncg	\
	pmpl_052_back_m.ncg	\
	pmpl_052_frnt_f.ncg	\
	pmpl_052_frnt_m.ncg	\
	pmpl_053_back_f.ncg	\
	pmpl_053_back_m.ncg	\
	pmpl_053_frnt_f.ncg	\
	pmpl_053_frnt_m.ncg	\
	pmpl_054_back_f.ncg	\
	pmpl_054_back_m.ncg	\
	pmpl_054_frnt_f.ncg	\
	pmpl_054_frnt_m.ncg	\
	pmpl_055_back_f.ncg	\
	pmpl_055_back_m.ncg	\
	pmpl_055_frnt_f.ncg	\
	pmpl_055_frnt_m.ncg	\
	pmpl_056_back_f.ncg	\
	pmpl_056_back_m.ncg	\
	pmpl_056_frnt_f.ncg	\
	pmpl_056_frnt_m.ncg	\
	pmpl_057_back_f.ncg	\
	pmpl_057_back_m.ncg	\
	pmpl_057_frnt_f.ncg	\
	pmpl_057_frnt_m.ncg	\
	pmpl_058_back_f.ncg	\
	pmpl_058_back_m.ncg	\
	pmpl_058_frnt_f.ncg	\
	pmpl_058_frnt_m.ncg	\
	pmpl_059_back_f.ncg	\
	pmpl_059_back_m.ncg	\
	pmpl_059_frnt_f.ncg	\
	pmpl_059_frnt_m.ncg	\
	pmpl_060_back_f.ncg	\
	pmpl_060_back_m.ncg	\
	pmpl_060_frnt_f.ncg	\
	pmpl_060_frnt_m.ncg	\
	pmpl_061_back_f.ncg	\
	pmpl_061_back_m.ncg	\
	pmpl_061_frnt_f.ncg	\
	pmpl_061_frnt_m.ncg	\
	pmpl_062_back_f.ncg	\
	pmpl_062_back_m.ncg	\
	pmpl_062_frnt_f.ncg	\
	pmpl_062_frnt_m.ncg	\
	pmpl_063_back_f.ncg	\
	pmpl_063_back_m.ncg	\
	pmpl_063_frnt_f.ncg	\
	pmpl_063_frnt_m.ncg	\
	pmpl_064_back_f.ncg	\
	pmpl_064_back_m.ncg	\
	pmpl_064_frnt_f.ncg	\
	pmpl_064_frnt_m.ncg	\
	pmpl_065_back_f.ncg	\
	pmpl_065_back_m.ncg	\
	pmpl_065_frnt_f.ncg	\
	pmpl_065_frnt_m.ncg	\
	pmpl_066_back_f.ncg	\
	pmpl_066_back_m.ncg	\
	pmpl_066_frnt_f.ncg	\
	pmpl_066_frnt_m.ncg	\
	pmpl_067_back_f.ncg	\
	pmpl_067_back_m.ncg	\
	pmpl_067_frnt_f.ncg	\
	pmpl_067_frnt_m.ncg	\
	pmpl_068_back_f.ncg	\
	pmpl_068_back_m.ncg	\
	pmpl_068_frnt_f.ncg	\
	pmpl_068_frnt_m.ncg	\
	pmpl_069_back_f.ncg	\
	pmpl_069_back_m.ncg	\
	pmpl_069_frnt_f.ncg	\
	pmpl_069_frnt_m.ncg	\
	pmpl_070_back_f.ncg	\
	pmpl_070_back_m.ncg	\
	pmpl_070_frnt_f.ncg	\
	pmpl_070_frnt_m.ncg	\
	pmpl_071_back_f.ncg	\
	pmpl_071_back_m.ncg	\
	pmpl_071_frnt_f.ncg	\
	pmpl_071_frnt_m.ncg	\
	pmpl_072_back_f.ncg	\
	pmpl_072_back_m.ncg	\
	pmpl_072_frnt_f.ncg	\
	pmpl_072_frnt_m.ncg	\
	pmpl_073_back_f.ncg	\
	pmpl_073_back_m.ncg	\
	pmpl_073_frnt_f.ncg	\
	pmpl_073_frnt_m.ncg	\
	pmpl_074_back_f.ncg	\
	pmpl_074_back_m.ncg	\
	pmpl_074_frnt_f.ncg	\
	pmpl_074_frnt_m.ncg	\
	pmpl_075_back_f.ncg	\
	pmpl_075_back_m.ncg	\
	pmpl_075_frnt_f.ncg	\
	pmpl_075_frnt_m.ncg	\
	pmpl_076_back_f.ncg	\
	pmpl_076_back_m.ncg	\
	pmpl_076_frnt_f.ncg	\
	pmpl_076_frnt_m.ncg	\
	pmpl_077_back_f.ncg	\
	pmpl_077_back_m.ncg	\
	pmpl_077_frnt_f.ncg	\
	pmpl_077_frnt_m.ncg	\
	pmpl_078_back_f.ncg	\
	pmpl_078_back_m.ncg	\
	pmpl_078_frnt_f.ncg	\
	pmpl_078_frnt_m.ncg	\
	pmpl_079_back_f.ncg	\
	pmpl_079_back_m.ncg	\
	pmpl_079_frnt_f.ncg	\
	pmpl_079_frnt_m.ncg	\
	pmpl_080_back_f.ncg	\
	pmpl_080_back_m.ncg	\
	pmpl_080_frnt_f.ncg	\
	pmpl_080_frnt_m.ncg	\
	pmpl_081_back_f.ncg	\
	pmpl_081_back_m.ncg	\
	pmpl_081_back_o.ncg	\
	pmpl_081_frnt_f.ncg	\
	pmpl_081_frnt_m.ncg	\
	pmpl_081_frnt_o.ncg	\
	pmpl_082_back_f.ncg	\
	pmpl_082_back_m.ncg	\
	pmpl_082_back_o.ncg	\
	pmpl_082_frnt_f.ncg	\
	pmpl_082_frnt_m.ncg	\
	pmpl_082_frnt_o.ncg	\
	pmpl_083_back_f.ncg	\
	pmpl_083_back_m.ncg	\
	pmpl_083_frnt_f.ncg	\
	pmpl_083_frnt_m.ncg	\
	pmpl_084_back_f.ncg	\
	pmpl_084_back_m.ncg	\
	pmpl_084_frnt_f.ncg	\
	pmpl_084_frnt_m.ncg	\
	pmpl_085_back_f.ncg	\
	pmpl_085_back_m.ncg	\
	pmpl_085_frnt_f.ncg	\
	pmpl_085_frnt_m.ncg	\
	pmpl_086_back_f.ncg	\
	pmpl_086_back_m.ncg	\
	pmpl_086_frnt_f.ncg	\
	pmpl_086_frnt_m.ncg	\
	pmpl_087_back_f.ncg	\
	pmpl_087_back_m.ncg	\
	pmpl_087_frnt_f.ncg	\
	pmpl_087_frnt_m.ncg	\
	pmpl_088_back_f.ncg	\
	pmpl_088_back_m.ncg	\
	pmpl_088_frnt_f.ncg	\
	pmpl_088_frnt_m.ncg	\
	pmpl_089_back_f.ncg	\
	pmpl_089_back_m.ncg	\
	pmpl_089_frnt_f.ncg	\
	pmpl_089_frnt_m.ncg	\
	pmpl_090_back_f.ncg	\
	pmpl_090_back_m.ncg	\
	pmpl_090_frnt_f.ncg	\
	pmpl_090_frnt_m.ncg	\
	pmpl_091_back_f.ncg	\
	pmpl_091_back_m.ncg	\
	pmpl_091_frnt_f.ncg	\
	pmpl_091_frnt_m.ncg	\
	pmpl_092_back_f.ncg	\
	pmpl_092_back_m.ncg	\
	pmpl_092_frnt_f.ncg	\
	pmpl_092_frnt_m.ncg	\
	pmpl_093_back_f.ncg	\
	pmpl_093_back_m.ncg	\
	pmpl_093_frnt_f.ncg	\
	pmpl_093_frnt_m.ncg	\
	pmpl_094_back_f.ncg	\
	pmpl_094_back_m.ncg	\
	pmpl_094_frnt_f.ncg	\
	pmpl_094_frnt_m.ncg	\
	pmpl_095_back_f.ncg	\
	pmpl_095_back_m.ncg	\
	pmpl_095_frnt_f.ncg	\
	pmpl_095_frnt_m.ncg	\
	pmpl_096_back_f.ncg	\
	pmpl_096_back_m.ncg	\
	pmpl_096_frnt_f.ncg	\
	pmpl_096_frnt_m.ncg	\
	pmpl_097_back_f.ncg	\
	pmpl_097_back_m.ncg	\
	pmpl_097_frnt_f.ncg	\
	pmpl_097_frnt_m.ncg	\
	pmpl_098_back_f.ncg	\
	pmpl_098_back_m.ncg	\
	pmpl_098_frnt_f.ncg	\
	pmpl_098_frnt_m.ncg	\
	pmpl_099_back_f.ncg	\
	pmpl_099_back_m.ncg	\
	pmpl_099_frnt_f.ncg	\
	pmpl_099_frnt_m.ncg	\
	pmpl_100_back_f.ncg	\
	pmpl_100_back_m.ncg	\
	pmpl_100_back_o.ncg	\
	pmpl_100_frnt_f.ncg	\
	pmpl_100_frnt_m.ncg	\
	pmpl_100_frnt_o.ncg	\
	pmpl_101_back_f.ncg	\
	pmpl_101_back_m.ncg	\
	pmpl_101_back_o.ncg	\
	pmpl_101_frnt_f.ncg	\
	pmpl_101_frnt_m.ncg	\
	pmpl_101_frnt_o.ncg	\
	pmpl_102_back_f.ncg	\
	pmpl_102_back_m.ncg	\
	pmpl_102_frnt_f.ncg	\
	pmpl_102_frnt_m.ncg	\
	pmpl_103_back_f.ncg	\
	pmpl_103_back_m.ncg	\
	pmpl_103_frnt_f.ncg	\
	pmpl_103_frnt_m.ncg	\
	pmpl_104_back_f.ncg	\
	pmpl_104_back_m.ncg	\
	pmpl_104_frnt_f.ncg	\
	pmpl_104_frnt_m.ncg	\
	pmpl_105_back_f.ncg	\
	pmpl_105_back_m.ncg	\
	pmpl_105_frnt_f.ncg	\
	pmpl_105_frnt_m.ncg	\
	pmpl_106_back_f.ncg	\
	pmpl_106_back_m.ncg	\
	pmpl_106_frnt_f.ncg	\
	pmpl_106_frnt_m.ncg	\
	pmpl_107_back_f.ncg	\
	pmpl_107_back_m.ncg	\
	pmpl_107_frnt_f.ncg	\
	pmpl_107_frnt_m.ncg	\
	pmpl_108_back_f.ncg	\
	pmpl_108_back_m.ncg	\
	pmpl_108_frnt_f.ncg	\
	pmpl_108_frnt_m.ncg	\
	pmpl_109_back_f.ncg	\
	pmpl_109_back_m.ncg	\
	pmpl_109_frnt_f.ncg	\
	pmpl_109_frnt_m.ncg	\
	pmpl_110_back_f.ncg	\
	pmpl_110_back_m.ncg	\
	pmpl_110_frnt_f.ncg	\
	pmpl_110_frnt_m.ncg	\
	pmpl_111_back_f.ncg	\
	pmpl_111_back_m.ncg	\
	pmpl_111_frnt_f.ncg	\
	pmpl_111_frnt_m.ncg	\
	pmpl_112_back_f.ncg	\
	pmpl_112_back_m.ncg	\
	pmpl_112_frnt_f.ncg	\
	pmpl_112_frnt_m.ncg	\
	pmpl_113_back_f.ncg	\
	pmpl_113_back_m.ncg	\
	pmpl_113_frnt_f.ncg	\
	pmpl_113_frnt_m.ncg	\
	pmpl_114_back_f.ncg	\
	pmpl_114_back_m.ncg	\
	pmpl_114_frnt_f.ncg	\
	pmpl_114_frnt_m.ncg	\
	pmpl_115_back_f.ncg	\
	pmpl_115_back_m.ncg	\
	pmpl_115_frnt_f.ncg	\
	pmpl_115_frnt_m.ncg	\
	pmpl_116_back_f.ncg	\
	pmpl_116_back_m.ncg	\
	pmpl_116_frnt_f.ncg	\
	pmpl_116_frnt_m.ncg	\
	pmpl_117_back_f.ncg	\
	pmpl_117_back_m.ncg	\
	pmpl_117_frnt_f.ncg	\
	pmpl_117_frnt_m.ncg	\
	pmpl_118_back_f.ncg	\
	pmpl_118_back_m.ncg	\
	pmpl_118_frnt_f.ncg	\
	pmpl_118_frnt_m.ncg	\
	pmpl_119_back_f.ncg	\
	pmpl_119_back_m.ncg	\
	pmpl_119_frnt_f.ncg	\
	pmpl_119_frnt_m.ncg	\
	pmpl_120_back_f.ncg	\
	pmpl_120_back_m.ncg	\
	pmpl_120_back_o.ncg	\
	pmpl_120_frnt_f.ncg	\
	pmpl_120_frnt_m.ncg	\
	pmpl_120_frnt_o.ncg	\
	pmpl_121_back_f.ncg	\
	pmpl_121_back_m.ncg	\
	pmpl_121_back_o.ncg	\
	pmpl_121_frnt_f.ncg	\
	pmpl_121_frnt_m.ncg	\
	pmpl_121_frnt_o.ncg	\
	pmpl_122_back_f.ncg	\
	pmpl_122_back_m.ncg	\
	pmpl_122_frnt_f.ncg	\
	pmpl_122_frnt_m.ncg	\
	pmpl_123_back_f.ncg	\
	pmpl_123_back_m.ncg	\
	pmpl_123_frnt_f.ncg	\
	pmpl_123_frnt_m.ncg	\
	pmpl_124_back_f.ncg	\
	pmpl_124_back_m.ncg	\
	pmpl_124_frnt_f.ncg	\
	pmpl_124_frnt_m.ncg	\
	pmpl_125_back_f.ncg	\
	pmpl_125_back_m.ncg	\
	pmpl_125_frnt_f.ncg	\
	pmpl_125_frnt_m.ncg	\
	pmpl_126_back_f.ncg	\
	pmpl_126_back_m.ncg	\
	pmpl_126_frnt_f.ncg	\
	pmpl_126_frnt_m.ncg	\
	pmpl_127_back_f.ncg	\
	pmpl_127_back_m.ncg	\
	pmpl_127_frnt_f.ncg	\
	pmpl_127_frnt_m.ncg	\
	pmpl_128_back_f.ncg	\
	pmpl_128_back_m.ncg	\
	pmpl_128_frnt_f.ncg	\
	pmpl_128_frnt_m.ncg	\
	pmpl_129_back_f.ncg	\
	pmpl_129_back_m.ncg	\
	pmpl_129_frnt_f.ncg	\
	pmpl_129_frnt_m.ncg	\
	pmpl_130_back_f.ncg	\
	pmpl_130_back_m.ncg	\
	pmpl_130_frnt_f.ncg	\
	pmpl_130_frnt_m.ncg	\
	pmpl_131_back_f.ncg	\
	pmpl_131_back_m.ncg	\
	pmpl_131_frnt_f.ncg	\
	pmpl_131_frnt_m.ncg	\
	pmpl_132_back_f.ncg	\
	pmpl_132_back_m.ncg	\
	pmpl_132_back_o.ncg	\
	pmpl_132_frnt_f.ncg	\
	pmpl_132_frnt_m.ncg	\
	pmpl_132_frnt_o.ncg	\
	pmpl_133_back_f.ncg	\
	pmpl_133_back_m.ncg	\
	pmpl_133_frnt_f.ncg	\
	pmpl_133_frnt_m.ncg	\
	pmpl_134_back_f.ncg	\
	pmpl_134_back_m.ncg	\
	pmpl_134_frnt_f.ncg	\
	pmpl_134_frnt_m.ncg	\
	pmpl_135_back_f.ncg	\
	pmpl_135_back_m.ncg	\
	pmpl_135_frnt_f.ncg	\
	pmpl_135_frnt_m.ncg	\
	pmpl_136_back_f.ncg	\
	pmpl_136_back_m.ncg	\
	pmpl_136_frnt_f.ncg	\
	pmpl_136_frnt_m.ncg	\
	pmpl_137_back_f.ncg	\
	pmpl_137_back_m.ncg	\
	pmpl_137_back_o.ncg	\
	pmpl_137_frnt_f.ncg	\
	pmpl_137_frnt_m.ncg	\
	pmpl_137_frnt_o.ncg	\
	pmpl_138_back_f.ncg	\
	pmpl_138_back_m.ncg	\
	pmpl_138_frnt_f.ncg	\
	pmpl_138_frnt_m.ncg	\
	pmpl_139_back_f.ncg	\
	pmpl_139_back_m.ncg	\
	pmpl_139_frnt_f.ncg	\
	pmpl_139_frnt_m.ncg	\
	pmpl_140_back_f.ncg	\
	pmpl_140_back_m.ncg	\
	pmpl_140_frnt_f.ncg	\
	pmpl_140_frnt_m.ncg	\
	pmpl_141_back_f.ncg	\
	pmpl_141_back_m.ncg	\
	pmpl_141_frnt_f.ncg	\
	pmpl_141_frnt_m.ncg	\
	pmpl_142_back_f.ncg	\
	pmpl_142_back_m.ncg	\
	pmpl_142_frnt_f.ncg	\
	pmpl_142_frnt_m.ncg	\
	pmpl_143_back_f.ncg	\
	pmpl_143_back_m.ncg	\
	pmpl_143_frnt_f.ncg	\
	pmpl_143_frnt_m.ncg	\
	pmpl_144_back_f.ncg	\
	pmpl_144_back_m.ncg	\
	pmpl_144_back_o.ncg	\
	pmpl_144_frnt_f.ncg	\
	pmpl_144_frnt_m.ncg	\
	pmpl_144_frnt_o.ncg	\
	pmpl_145_back_f.ncg	\
	pmpl_145_back_m.ncg	\
	pmpl_145_back_o.ncg	\
	pmpl_145_frnt_f.ncg	\
	pmpl_145_frnt_m.ncg	\
	pmpl_145_frnt_o.ncg	\
	pmpl_146_back_f.ncg	\
	pmpl_146_back_m.ncg	\
	pmpl_146_back_o.ncg	\
	pmpl_146_frnt_f.ncg	\
	pmpl_146_frnt_m.ncg	\
	pmpl_146_frnt_o.ncg	\
	pmpl_147_back_f.ncg	\
	pmpl_147_back_m.ncg	\
	pmpl_147_frnt_f.ncg	\
	pmpl_147_frnt_m.ncg	\
	pmpl_148_back_f.ncg	\
	pmpl_148_back_m.ncg	\
	pmpl_148_frnt_f.ncg	\
	pmpl_148_frnt_m.ncg	\
	pmpl_149_back_f.ncg	\
	pmpl_149_back_m.ncg	\
	pmpl_149_frnt_f.ncg	\
	pmpl_149_frnt_m.ncg	\
	pmpl_150_back_f.ncg	\
	pmpl_150_back_m.ncg	\
	pmpl_150_back_o.ncg	\
	pmpl_150_frnt_f.ncg	\
	pmpl_150_frnt_m.ncg	\
	pmpl_150_frnt_o.ncg	\
	pmpl_151_back_f.ncg	\
	pmpl_151_back_m.ncg	\
	pmpl_151_back_o.ncg	\
	pmpl_151_frnt_f.ncg	\
	pmpl_151_frnt_m.ncg	\
	pmpl_151_frnt_o.ncg	\
	pmpl_152_back_f.ncg	\
	pmpl_152_back_m.ncg	\
	pmpl_152_frnt_f.ncg	\
	pmpl_152_frnt_m.ncg	\
	pmpl_153_back_f.ncg	\
	pmpl_153_back_m.ncg	\
	pmpl_153_frnt_f.ncg	\
	pmpl_153_frnt_m.ncg	\
	pmpl_154_back_f.ncg	\
	pmpl_154_back_m.ncg	\
	pmpl_154_frnt_f.ncg	\
	pmpl_154_frnt_m.ncg	\
	pmpl_155_back_f.ncg	\
	pmpl_155_back_m.ncg	\
	pmpl_155_frnt_f.ncg	\
	pmpl_155_frnt_m.ncg	\
	pmpl_156_back_f.ncg	\
	pmpl_156_back_m.ncg	\
	pmpl_156_frnt_f.ncg	\
	pmpl_156_frnt_m.ncg	\
	pmpl_157_back_f.ncg	\
	pmpl_157_back_m.ncg	\
	pmpl_157_frnt_f.ncg	\
	pmpl_157_frnt_m.ncg	\
	pmpl_158_back_f.ncg	\
	pmpl_158_back_m.ncg	\
	pmpl_158_frnt_f.ncg	\
	pmpl_158_frnt_m.ncg	\
	pmpl_159_back_f.ncg	\
	pmpl_159_back_m.ncg	\
	pmpl_159_frnt_f.ncg	\
	pmpl_159_frnt_m.ncg	\
	pmpl_160_back_f.ncg	\
	pmpl_160_back_m.ncg	\
	pmpl_160_frnt_f.ncg	\
	pmpl_160_frnt_m.ncg	\
	pmpl_161_back_f.ncg	\
	pmpl_161_back_m.ncg	\
	pmpl_161_frnt_f.ncg	\
	pmpl_161_frnt_m.ncg	\
	pmpl_162_back_f.ncg	\
	pmpl_162_back_m.ncg	\
	pmpl_162_frnt_f.ncg	\
	pmpl_162_frnt_m.ncg	\
	pmpl_163_back_f.ncg	\
	pmpl_163_back_m.ncg	\
	pmpl_163_frnt_f.ncg	\
	pmpl_163_frnt_m.ncg	\
	pmpl_164_back_f.ncg	\
	pmpl_164_back_m.ncg	\
	pmpl_164_frnt_f.ncg	\
	pmpl_164_frnt_m.ncg	\
	pmpl_165_back_f.ncg	\
	pmpl_165_back_m.ncg	\
	pmpl_165_frnt_f.ncg	\
	pmpl_165_frnt_m.ncg	\
	pmpl_166_back_f.ncg	\
	pmpl_166_back_m.ncg	\
	pmpl_166_frnt_f.ncg	\
	pmpl_166_frnt_m.ncg	\
	pmpl_167_back_f.ncg	\
	pmpl_167_back_m.ncg	\
	pmpl_167_frnt_f.ncg	\
	pmpl_167_frnt_m.ncg	\
	pmpl_168_back_f.ncg	\
	pmpl_168_back_m.ncg	\
	pmpl_168_frnt_f.ncg	\
	pmpl_168_frnt_m.ncg	\
	pmpl_169_back_f.ncg	\
	pmpl_169_back_m.ncg	\
	pmpl_169_frnt_f.ncg	\
	pmpl_169_frnt_m.ncg	\
	pmpl_170_back_f.ncg	\
	pmpl_170_back_m.ncg	\
	pmpl_170_frnt_f.ncg	\
	pmpl_170_frnt_m.ncg	\
	pmpl_171_back_f.ncg	\
	pmpl_171_back_m.ncg	\
	pmpl_171_frnt_f.ncg	\
	pmpl_171_frnt_m.ncg	\
	pmpl_172_back_f.ncg	\
	pmpl_172_back_m.ncg	\
	pmpl_172_frnt_f.ncg	\
	pmpl_172_frnt_m.ncg	\
	pmpl_173_back_f.ncg	\
	pmpl_173_back_m.ncg	\
	pmpl_173_frnt_f.ncg	\
	pmpl_173_frnt_m.ncg	\
	pmpl_174_back_f.ncg	\
	pmpl_174_back_m.ncg	\
	pmpl_174_frnt_f.ncg	\
	pmpl_174_frnt_m.ncg	\
	pmpl_175_back_f.ncg	\
	pmpl_175_back_m.ncg	\
	pmpl_175_frnt_f.ncg	\
	pmpl_175_frnt_m.ncg	\
	pmpl_176_back_f.ncg	\
	pmpl_176_back_m.ncg	\
	pmpl_176_frnt_f.ncg	\
	pmpl_176_frnt_m.ncg	\
	pmpl_177_back_f.ncg	\
	pmpl_177_back_m.ncg	\
	pmpl_177_frnt_f.ncg	\
	pmpl_177_frnt_m.ncg	\
	pmpl_178_back_f.ncg	\
	pmpl_178_back_m.ncg	\
	pmpl_178_frnt_f.ncg	\
	pmpl_178_frnt_m.ncg	\
	pmpl_179_back_f.ncg	\
	pmpl_179_back_m.ncg	\
	pmpl_179_frnt_f.ncg	\
	pmpl_179_frnt_m.ncg	\
	pmpl_180_back_f.ncg	\
	pmpl_180_back_m.ncg	\
	pmpl_180_frnt_f.ncg	\
	pmpl_180_frnt_m.ncg	\
	pmpl_181_back_f.ncg	\
	pmpl_181_back_m.ncg	\
	pmpl_181_frnt_f.ncg	\
	pmpl_181_frnt_m.ncg	\
	pmpl_182_back_f.ncg	\
	pmpl_182_back_m.ncg	\
	pmpl_182_frnt_f.ncg	\
	pmpl_182_frnt_m.ncg	\
	pmpl_183_back_f.ncg	\
	pmpl_183_back_m.ncg	\
	pmpl_183_frnt_f.ncg	\
	pmpl_183_frnt_m.ncg	\
	pmpl_184_back_f.ncg	\
	pmpl_184_back_m.ncg	\
	pmpl_184_frnt_f.ncg	\
	pmpl_184_frnt_m.ncg	\
	pmpl_185_back_f.ncg	\
	pmpl_185_back_m.ncg	\
	pmpl_185_frnt_f.ncg	\
	pmpl_185_frnt_m.ncg	\
	pmpl_186_back_f.ncg	\
	pmpl_186_back_m.ncg	\
	pmpl_186_frnt_f.ncg	\
	pmpl_186_frnt_m.ncg	\
	pmpl_187_back_f.ncg	\
	pmpl_187_back_m.ncg	\
	pmpl_187_frnt_f.ncg	\
	pmpl_187_frnt_m.ncg	\
	pmpl_188_back_f.ncg	\
	pmpl_188_back_m.ncg	\
	pmpl_188_frnt_f.ncg	\
	pmpl_188_frnt_m.ncg	\
	pmpl_189_back_f.ncg	\
	pmpl_189_back_m.ncg	\
	pmpl_189_frnt_f.ncg	\
	pmpl_189_frnt_m.ncg	\
	pmpl_190_back_f.ncg	\
	pmpl_190_back_m.ncg	\
	pmpl_190_frnt_f.ncg	\
	pmpl_190_frnt_m.ncg	\
	pmpl_191_back_f.ncg	\
	pmpl_191_back_m.ncg	\
	pmpl_191_frnt_f.ncg	\
	pmpl_191_frnt_m.ncg	\
	pmpl_192_back_f.ncg	\
	pmpl_192_back_m.ncg	\
	pmpl_192_frnt_f.ncg	\
	pmpl_192_frnt_m.ncg	\
	pmpl_193_back_f.ncg	\
	pmpl_193_back_m.ncg	\
	pmpl_193_frnt_f.ncg	\
	pmpl_193_frnt_m.ncg	\
	pmpl_194_back_f.ncg	\
	pmpl_194_back_m.ncg	\
	pmpl_194_frnt_f.ncg	\
	pmpl_194_frnt_m.ncg	\
	pmpl_195_back_f.ncg	\
	pmpl_195_back_m.ncg	\
	pmpl_195_frnt_f.ncg	\
	pmpl_195_frnt_m.ncg	\
	pmpl_196_back_f.ncg	\
	pmpl_196_back_m.ncg	\
	pmpl_196_frnt_f.ncg	\
	pmpl_196_frnt_m.ncg	\
	pmpl_197_back_f.ncg	\
	pmpl_197_back_m.ncg	\
	pmpl_197_frnt_f.ncg	\
	pmpl_197_frnt_m.ncg	\
	pmpl_198_back_f.ncg	\
	pmpl_198_back_m.ncg	\
	pmpl_198_frnt_f.ncg	\
	pmpl_198_frnt_m.ncg	\
	pmpl_199_back_f.ncg	\
	pmpl_199_back_m.ncg	\
	pmpl_199_frnt_f.ncg	\
	pmpl_199_frnt_m.ncg	\
	pmpl_200_back_f.ncg	\
	pmpl_200_back_m.ncg	\
	pmpl_200_frnt_f.ncg	\
	pmpl_200_frnt_m.ncg	\
	pmpl_201_back_f.ncg	\
	pmpl_201_back_m.ncg	\
	pmpl_201_back_o.ncg	\
	pmpl_201_frnt_f.ncg	\
	pmpl_201_frnt_m.ncg	\
	pmpl_201_frnt_o.ncg	\
	pmpl_202_back_f.ncg	\
	pmpl_202_back_m.ncg	\
	pmpl_202_frnt_f.ncg	\
	pmpl_202_frnt_m.ncg	\
	pmpl_203_back_f.ncg	\
	pmpl_203_back_m.ncg	\
	pmpl_203_frnt_f.ncg	\
	pmpl_203_frnt_m.ncg	\
	pmpl_204_back_f.ncg	\
	pmpl_204_back_m.ncg	\
	pmpl_204_frnt_f.ncg	\
	pmpl_204_frnt_m.ncg	\
	pmpl_205_back_f.ncg	\
	pmpl_205_back_m.ncg	\
	pmpl_205_frnt_f.ncg	\
	pmpl_205_frnt_m.ncg	\
	pmpl_206_back_f.ncg	\
	pmpl_206_back_m.ncg	\
	pmpl_206_frnt_f.ncg	\
	pmpl_206_frnt_m.ncg	\
	pmpl_207_back_f.ncg	\
	pmpl_207_back_m.ncg	\
	pmpl_207_frnt_f.ncg	\
	pmpl_207_frnt_m.ncg	\
	pmpl_208_back_f.ncg	\
	pmpl_208_back_m.ncg	\
	pmpl_208_frnt_f.ncg	\
	pmpl_208_frnt_m.ncg	\
	pmpl_209_back_f.ncg	\
	pmpl_209_back_m.ncg	\
	pmpl_209_frnt_f.ncg	\
	pmpl_209_frnt_m.ncg	\
	pmpl_210_back_f.ncg	\
	pmpl_210_back_m.ncg	\
	pmpl_210_frnt_f.ncg	\
	pmpl_210_frnt_m.ncg	\
	pmpl_211_back_f.ncg	\
	pmpl_211_back_m.ncg	\
	pmpl_211_frnt_f.ncg	\
	pmpl_211_frnt_m.ncg	\
	pmpl_212_back_f.ncg	\
	pmpl_212_back_m.ncg	\
	pmpl_212_frnt_f.ncg	\
	pmpl_212_frnt_m.ncg	\
	pmpl_213_back_f.ncg	\
	pmpl_213_back_m.ncg	\
	pmpl_213_frnt_f.ncg	\
	pmpl_213_frnt_m.ncg	\
	pmpl_214_back_f.ncg	\
	pmpl_214_back_m.ncg	\
	pmpl_214_frnt_f.ncg	\
	pmpl_214_frnt_m.ncg	\
	pmpl_215_back_f.ncg	\
	pmpl_215_back_m.ncg	\
	pmpl_215_frnt_f.ncg	\
	pmpl_215_frnt_m.ncg	\
	pmpl_216_back_f.ncg	\
	pmpl_216_back_m.ncg	\
	pmpl_216_frnt_f.ncg	\
	pmpl_216_frnt_m.ncg	\
	pmpl_217_back_f.ncg	\
	pmpl_217_back_m.ncg	\
	pmpl_217_frnt_f.ncg	\
	pmpl_217_frnt_m.ncg	\
	pmpl_218_back_f.ncg	\
	pmpl_218_back_m.ncg	\
	pmpl_218_frnt_f.ncg	\
	pmpl_218_frnt_m.ncg	\
	pmpl_219_back_f.ncg	\
	pmpl_219_back_m.ncg	\
	pmpl_219_frnt_f.ncg	\
	pmpl_219_frnt_m.ncg	\
	pmpl_220_back_f.ncg	\
	pmpl_220_back_m.ncg	\
	pmpl_220_frnt_f.ncg	\
	pmpl_220_frnt_m.ncg	\
	pmpl_221_back_f.ncg	\
	pmpl_221_back_m.ncg	\
	pmpl_221_frnt_f.ncg	\
	pmpl_221_frnt_m.ncg	\
	pmpl_222_back_f.ncg	\
	pmpl_222_back_m.ncg	\
	pmpl_222_frnt_f.ncg	\
	pmpl_222_frnt_m.ncg	\
	pmpl_223_back_f.ncg	\
	pmpl_223_back_m.ncg	\
	pmpl_223_frnt_f.ncg	\
	pmpl_223_frnt_m.ncg	\
	pmpl_224_back_f.ncg	\
	pmpl_224_back_m.ncg	\
	pmpl_224_frnt_f.ncg	\
	pmpl_224_frnt_m.ncg	\
	pmpl_225_back_f.ncg	\
	pmpl_225_back_m.ncg	\
	pmpl_225_frnt_f.ncg	\
	pmpl_225_frnt_m.ncg	\
	pmpl_226_back_f.ncg	\
	pmpl_226_back_m.ncg	\
	pmpl_226_frnt_f.ncg	\
	pmpl_226_frnt_m.ncg	\
	pmpl_227_back_f.ncg	\
	pmpl_227_back_m.ncg	\
	pmpl_227_frnt_f.ncg	\
	pmpl_227_frnt_m.ncg	\
	pmpl_228_back_f.ncg	\
	pmpl_228_back_m.ncg	\
	pmpl_228_frnt_f.ncg	\
	pmpl_228_frnt_m.ncg	\
	pmpl_229_back_f.ncg	\
	pmpl_229_back_m.ncg	\
	pmpl_229_frnt_f.ncg	\
	pmpl_229_frnt_m.ncg	\
	pmpl_230_back_f.ncg	\
	pmpl_230_back_m.ncg	\
	pmpl_230_frnt_f.ncg	\
	pmpl_230_frnt_m.ncg	\
	pmpl_231_back_f.ncg	\
	pmpl_231_back_m.ncg	\
	pmpl_231_frnt_f.ncg	\
	pmpl_231_frnt_m.ncg	\
	pmpl_232_back_f.ncg	\
	pmpl_232_back_m.ncg	\
	pmpl_232_frnt_f.ncg	\
	pmpl_232_frnt_m.ncg	\
	pmpl_233_back_f.ncg	\
	pmpl_233_back_m.ncg	\
	pmpl_233_back_o.ncg	\
	pmpl_233_frnt_f.ncg	\
	pmpl_233_frnt_m.ncg	\
	pmpl_233_frnt_o.ncg	\
	pmpl_234_back_f.ncg	\
	pmpl_234_back_m.ncg	\
	pmpl_234_frnt_f.ncg	\
	pmpl_234_frnt_m.ncg	\
	pmpl_235_back_f.ncg	\
	pmpl_235_back_m.ncg	\
	pmpl_235_frnt_f.ncg	\
	pmpl_235_frnt_m.ncg	\
	pmpl_236_back_f.ncg	\
	pmpl_236_back_m.ncg	\
	pmpl_236_frnt_f.ncg	\
	pmpl_236_frnt_m.ncg	\
	pmpl_237_back_f.ncg	\
	pmpl_237_back_m.ncg	\
	pmpl_237_frnt_f.ncg	\
	pmpl_237_frnt_m.ncg	\
	pmpl_238_back_f.ncg	\
	pmpl_238_back_m.ncg	\
	pmpl_238_frnt_f.ncg	\
	pmpl_238_frnt_m.ncg	\
	pmpl_239_back_f.ncg	\
	pmpl_239_back_m.ncg	\
	pmpl_239_frnt_f.ncg	\
	pmpl_239_frnt_m.ncg	\
	pmpl_240_back_f.ncg	\
	pmpl_240_back_m.ncg	\
	pmpl_240_frnt_f.ncg	\
	pmpl_240_frnt_m.ncg	\
	pmpl_241_back_f.ncg	\
	pmpl_241_back_m.ncg	\
	pmpl_241_frnt_f.ncg	\
	pmpl_241_frnt_m.ncg	\
	pmpl_242_back_f.ncg	\
	pmpl_242_back_m.ncg	\
	pmpl_242_frnt_f.ncg	\
	pmpl_242_frnt_m.ncg	\
	pmpl_243_back_f.ncg	\
	pmpl_243_back_m.ncg	\
	pmpl_243_back_o.ncg	\
	pmpl_243_frnt_f.ncg	\
	pmpl_243_frnt_m.ncg	\
	pmpl_243_frnt_o.ncg	\
	pmpl_244_back_f.ncg	\
	pmpl_244_back_m.ncg	\
	pmpl_244_back_o.ncg	\
	pmpl_244_frnt_f.ncg	\
	pmpl_244_frnt_m.ncg	\
	pmpl_244_frnt_o.ncg	\
	pmpl_245_back_f.ncg	\
	pmpl_245_back_m.ncg	\
	pmpl_245_back_o.ncg	\
	pmpl_245_frnt_f.ncg	\
	pmpl_245_frnt_m.ncg	\
	pmpl_245_frnt_o.ncg	\
	pmpl_246_back_f.ncg	\
	pmpl_246_back_m.ncg	\
	pmpl_246_frnt_f.ncg	\
	pmpl_246_frnt_m.ncg	\
	pmpl_247_back_f.ncg	\
	pmpl_247_back_m.ncg	\
	pmpl_247_frnt_f.ncg	\
	pmpl_247_frnt_m.ncg	\
	pmpl_248_back_f.ncg	\
	pmpl_248_back_m.ncg	\
	pmpl_248_frnt_f.ncg	\
	pmpl_248_frnt_m.ncg	\
	pmpl_249_back_f.ncg	\
	pmpl_249_back_m.ncg	\
	pmpl_249_back_o.ncg	\
	pmpl_249_frnt_f.ncg	\
	pmpl_249_frnt_m.ncg	\
	pmpl_249_frnt_o.ncg	\
	pmpl_250_back_f.ncg	\
	pmpl_250_back_m.ncg	\
	pmpl_250_back_o.ncg	\
	pmpl_250_frnt_.ncg	\
	pmpl_250_frnt_f.ncg	\
	pmpl_250_frnt_m.ncg	\
	pmpl_250_frnt_o.ncg	\
	pmpl_251_back_f.ncg	\
	pmpl_251_back_m.ncg	\
	pmpl_251_back_o.ncg	\
	pmpl_251_frnt_f.ncg	\
	pmpl_251_frnt_m.ncg	\
	pmpl_251_frnt_o.ncg	\
	pmpl_252_back_f.ncg	\
	pmpl_252_back_m.ncg	\
	pmpl_252_frnt_f.ncg	\
	pmpl_252_frnt_m.ncg	\
	pmpl_253_back_f.ncg	\
	pmpl_253_back_m.ncg	\
	pmpl_253_frnt_f.ncg	\
	pmpl_253_frnt_m.ncg	\
	pmpl_254_back_f.ncg	\
	pmpl_254_back_m.ncg	\
	pmpl_254_frnt_f.ncg	\
	pmpl_254_frnt_m.ncg	\
	pmpl_255_back_f.ncg	\
	pmpl_255_back_m.ncg	\
	pmpl_255_frnt_f.ncg	\
	pmpl_255_frnt_m.ncg	\
	pmpl_256_back_f.ncg	\
	pmpl_256_back_m.ncg	\
	pmpl_256_frnt_f.ncg	\
	pmpl_256_frnt_m.ncg	\
	pmpl_257_back_f.ncg	\
	pmpl_257_back_m.ncg	\
	pmpl_257_frnt_f.ncg	\
	pmpl_257_frnt_m.ncg	\
	pmpl_258_back_f.ncg	\
	pmpl_258_back_m.ncg	\
	pmpl_258_frnt_f.ncg	\
	pmpl_258_frnt_m.ncg	\
	pmpl_259_back_f.ncg	\
	pmpl_259_back_m.ncg	\
	pmpl_259_frnt_f.ncg	\
	pmpl_259_frnt_m.ncg	\
	pmpl_260_back_f.ncg	\
	pmpl_260_back_m.ncg	\
	pmpl_260_frnt_f.ncg	\
	pmpl_260_frnt_m.ncg	\
	pmpl_261_back_f.ncg	\
	pmpl_261_back_m.ncg	\
	pmpl_261_frnt_f.ncg	\
	pmpl_261_frnt_m.ncg	\
	pmpl_262_back_f.ncg	\
	pmpl_262_back_m.ncg	\
	pmpl_262_frnt_f.ncg	\
	pmpl_262_frnt_m.ncg	\
	pmpl_263_back_f.ncg	\
	pmpl_263_back_m.ncg	\
	pmpl_263_frnt_f.ncg	\
	pmpl_263_frnt_m.ncg	\
	pmpl_264_back_f.ncg	\
	pmpl_264_back_m.ncg	\
	pmpl_264_frnt_f.ncg	\
	pmpl_264_frnt_m.ncg	\
	pmpl_265_back_f.ncg	\
	pmpl_265_back_m.ncg	\
	pmpl_265_frnt_f.ncg	\
	pmpl_265_frnt_m.ncg	\
	pmpl_266_back_f.ncg	\
	pmpl_266_back_m.ncg	\
	pmpl_266_frnt_f.ncg	\
	pmpl_266_frnt_m.ncg	\
	pmpl_267_back_f.ncg	\
	pmpl_267_back_m.ncg	\
	pmpl_267_frnt_f.ncg	\
	pmpl_267_frnt_m.ncg	\
	pmpl_268_back_f.ncg	\
	pmpl_268_back_m.ncg	\
	pmpl_268_frnt_f.ncg	\
	pmpl_268_frnt_m.ncg	\
	pmpl_269_back_f.ncg	\
	pmpl_269_back_m.ncg	\
	pmpl_269_frnt_f.ncg	\
	pmpl_269_frnt_m.ncg	\
	pmpl_270_back_f.ncg	\
	pmpl_270_back_m.ncg	\
	pmpl_270_frnt_f.ncg	\
	pmpl_270_frnt_m.ncg	\
	pmpl_271_back_f.ncg	\
	pmpl_271_back_m.ncg	\
	pmpl_271_frnt_f.ncg	\
	pmpl_271_frnt_m.ncg	\
	pmpl_272_back_f.ncg	\
	pmpl_272_back_m.ncg	\
	pmpl_272_frnt_f.ncg	\
	pmpl_272_frnt_m.ncg	\
	pmpl_273_back_f.ncg	\
	pmpl_273_back_m.ncg	\
	pmpl_273_frnt_f.ncg	\
	pmpl_273_frnt_m.ncg	\
	pmpl_274_back_f.ncg	\
	pmpl_274_back_m.ncg	\
	pmpl_274_frnt_f.ncg	\
	pmpl_274_frnt_m.ncg	\
	pmpl_275_back_f.ncg	\
	pmpl_275_back_m.ncg	\
	pmpl_275_frnt_f.ncg	\
	pmpl_275_frnt_m.ncg	\
	pmpl_276_back_f.ncg	\
	pmpl_276_back_m.ncg	\
	pmpl_276_frnt_f.ncg	\
	pmpl_276_frnt_m.ncg	\
	pmpl_277_back_f.ncg	\
	pmpl_277_back_m.ncg	\
	pmpl_277_frnt_f.ncg	\
	pmpl_277_frnt_m.ncg	\
	pmpl_278_back_f.ncg	\
	pmpl_278_back_m.ncg	\
	pmpl_278_frnt_f.ncg	\
	pmpl_278_frnt_m.ncg	\
	pmpl_279_back_f.ncg	\
	pmpl_279_back_m.ncg	\
	pmpl_279_frnt_f.ncg	\
	pmpl_279_frnt_m.ncg	\
	pmpl_280_back_f.ncg	\
	pmpl_280_back_m.ncg	\
	pmpl_280_frnt_f.ncg	\
	pmpl_280_frnt_m.ncg	\
	pmpl_281_back_f.ncg	\
	pmpl_281_back_m.ncg	\
	pmpl_281_frnt_f.ncg	\
	pmpl_281_frnt_m.ncg	\
	pmpl_282_back_f.ncg	\
	pmpl_282_back_m.ncg	\
	pmpl_282_frnt_f.ncg	\
	pmpl_282_frnt_m.ncg	\
	pmpl_283_back_f.ncg	\
	pmpl_283_back_m.ncg	\
	pmpl_283_frnt_f.ncg	\
	pmpl_283_frnt_m.ncg	\
	pmpl_284_back_f.ncg	\
	pmpl_284_back_m.ncg	\
	pmpl_284_frnt_f.ncg	\
	pmpl_284_frnt_m.ncg	\
	pmpl_285_back_f.ncg	\
	pmpl_285_back_m.ncg	\
	pmpl_285_frnt_f.ncg	\
	pmpl_285_frnt_m.ncg	\
	pmpl_286_back_f.ncg	\
	pmpl_286_back_m.ncg	\
	pmpl_286_frnt_f.ncg	\
	pmpl_286_frnt_m.ncg	\
	pmpl_287_back_f.ncg	\
	pmpl_287_back_m.ncg	\
	pmpl_287_frnt_f.ncg	\
	pmpl_287_frnt_m.ncg	\
	pmpl_288_back_f.ncg	\
	pmpl_288_back_m.ncg	\
	pmpl_288_frnt_f.ncg	\
	pmpl_288_frnt_m.ncg	\
	pmpl_289_back_f.ncg	\
	pmpl_289_back_m.ncg	\
	pmpl_289_frnt_f.ncg	\
	pmpl_289_frnt_m.ncg	\
	pmpl_290_back_f.ncg	\
	pmpl_290_back_m.ncg	\
	pmpl_290_frnt_f.ncg	\
	pmpl_290_frnt_m.ncg	\
	pmpl_291_back_f.ncg	\
	pmpl_291_back_m.ncg	\
	pmpl_291_frnt_f.ncg	\
	pmpl_291_frnt_m.ncg	\
	pmpl_292_back_f.ncg	\
	pmpl_292_back_m.ncg	\
	pmpl_292_back_o.ncg	\
	pmpl_292_frnt_f.ncg	\
	pmpl_292_frnt_m.ncg	\
	pmpl_292_frnt_o.ncg	\
	pmpl_293_back_f.ncg	\
	pmpl_293_back_m.ncg	\
	pmpl_293_frnt_f.ncg	\
	pmpl_293_frnt_m.ncg	\
	pmpl_294_back_f.ncg	\
	pmpl_294_back_m.ncg	\
	pmpl_294_frnt_f.ncg	\
	pmpl_294_frnt_m.ncg	\
	pmpl_295_back_f.ncg	\
	pmpl_295_back_m.ncg	\
	pmpl_295_frnt_f.ncg	\
	pmpl_295_frnt_m.ncg	\
	pmpl_296_back_f.ncg	\
	pmpl_296_back_m.ncg	\
	pmpl_296_frnt_f.ncg	\
	pmpl_296_frnt_m.ncg	\
	pmpl_297_back_f.ncg	\
	pmpl_297_back_m.ncg	\
	pmpl_297_frnt_f.ncg	\
	pmpl_297_frnt_m.ncg	\
	pmpl_298_back_f.ncg	\
	pmpl_298_back_m.ncg	\
	pmpl_298_frnt_f.ncg	\
	pmpl_298_frnt_m.ncg	\
	pmpl_299_back_f.ncg	\
	pmpl_299_back_m.ncg	\
	pmpl_299_frnt_f.ncg	\
	pmpl_299_frnt_m.ncg	\
	pmpl_300_back_f.ncg	\
	pmpl_300_back_m.ncg	\
	pmpl_300_frnt_f.ncg	\
	pmpl_300_frnt_m.ncg	\
	pmpl_301_back_f.ncg	\
	pmpl_301_back_m.ncg	\
	pmpl_301_frnt_f.ncg	\
	pmpl_301_frnt_m.ncg	\
	pmpl_302_back_f.ncg	\
	pmpl_302_back_m.ncg	\
	pmpl_302_frnt_f.ncg	\
	pmpl_302_frnt_m.ncg	\
	pmpl_303_back_f.ncg	\
	pmpl_303_back_m.ncg	\
	pmpl_303_frnt_f.ncg	\
	pmpl_303_frnt_m.ncg	\
	pmpl_304_back_f.ncg	\
	pmpl_304_back_m.ncg	\
	pmpl_304_frnt_f.ncg	\
	pmpl_304_frnt_m.ncg	\
	pmpl_305_back_f.ncg	\
	pmpl_305_back_m.ncg	\
	pmpl_305_frnt_f.ncg	\
	pmpl_305_frnt_m.ncg	\
	pmpl_306_back_f.ncg	\
	pmpl_306_back_m.ncg	\
	pmpl_306_frnt_f.ncg	\
	pmpl_306_frnt_m.ncg	\
	pmpl_307_back_f.ncg	\
	pmpl_307_back_m.ncg	\
	pmpl_307_frnt_f.ncg	\
	pmpl_307_frnt_m.ncg	\
	pmpl_308_back_f.ncg	\
	pmpl_308_back_m.ncg	\
	pmpl_308_frnt_f.ncg	\
	pmpl_308_frnt_m.ncg	\
	pmpl_309_back_f.ncg	\
	pmpl_309_back_m.ncg	\
	pmpl_309_frnt_f.ncg	\
	pmpl_309_frnt_m.ncg	\
	pmpl_310_back_f.ncg	\
	pmpl_310_back_m.ncg	\
	pmpl_310_frnt_f.ncg	\
	pmpl_310_frnt_m.ncg	\
	pmpl_311_back_f.ncg	\
	pmpl_311_back_m.ncg	\
	pmpl_311_frnt_f.ncg	\
	pmpl_311_frnt_m.ncg	\
	pmpl_312_back_f.ncg	\
	pmpl_312_back_m.ncg	\
	pmpl_312_frnt_f.ncg	\
	pmpl_312_frnt_m.ncg	\
	pmpl_313_back_f.ncg	\
	pmpl_313_back_m.ncg	\
	pmpl_313_frnt_f.ncg	\
	pmpl_313_frnt_m.ncg	\
	pmpl_314_back_f.ncg	\
	pmpl_314_back_m.ncg	\
	pmpl_314_frnt_f.ncg	\
	pmpl_314_frnt_m.ncg	\
	pmpl_315_back_f.ncg	\
	pmpl_315_back_m.ncg	\
	pmpl_315_frnt_f.ncg	\
	pmpl_315_frnt_m.ncg	\
	pmpl_316_back_f.ncg	\
	pmpl_316_back_m.ncg	\
	pmpl_316_frnt_f.ncg	\
	pmpl_316_frnt_m.ncg	\
	pmpl_317_back_f.ncg	\
	pmpl_317_back_m.ncg	\
	pmpl_317_frnt_f.ncg	\
	pmpl_317_frnt_m.ncg	\
	pmpl_318_back_f.ncg	\
	pmpl_318_back_m.ncg	\
	pmpl_318_frnt_f.ncg	\
	pmpl_318_frnt_m.ncg	\
	pmpl_319_back_f.ncg	\
	pmpl_319_back_m.ncg	\
	pmpl_319_frnt_f.ncg	\
	pmpl_319_frnt_m.ncg	\
	pmpl_320_back_f.ncg	\
	pmpl_320_back_m.ncg	\
	pmpl_320_frnt_f.ncg	\
	pmpl_320_frnt_m.ncg	\
	pmpl_321_back_f.ncg	\
	pmpl_321_back_m.ncg	\
	pmpl_321_frnt_f.ncg	\
	pmpl_321_frnt_m.ncg	\
	pmpl_322_back_f.ncg	\
	pmpl_322_back_m.ncg	\
	pmpl_322_frnt_f.ncg	\
	pmpl_322_frnt_m.ncg	\
	pmpl_323_back_f.ncg	\
	pmpl_323_back_m.ncg	\
	pmpl_323_frnt_f.ncg	\
	pmpl_323_frnt_m.ncg	\
	pmpl_324_back_f.ncg	\
	pmpl_324_back_m.ncg	\
	pmpl_324_frnt_f.ncg	\
	pmpl_324_frnt_m.ncg	\
	pmpl_325_back_f.ncg	\
	pmpl_325_back_m.ncg	\
	pmpl_325_frnt_f.ncg	\
	pmpl_325_frnt_m.ncg	\
	pmpl_326_back_f.ncg	\
	pmpl_326_back_m.ncg	\
	pmpl_326_frnt_f.ncg	\
	pmpl_326_frnt_m.ncg	\
	pmpl_327_back_f.ncg	\
	pmpl_327_back_m.ncg	\
	pmpl_327_frnt_f.ncg	\
	pmpl_327_frnt_m.ncg	\
	pmpl_328_back_f.ncg	\
	pmpl_328_back_m.ncg	\
	pmpl_328_frnt_f.ncg	\
	pmpl_328_frnt_m.ncg	\
	pmpl_329_back_f.ncg	\
	pmpl_329_back_m.ncg	\
	pmpl_329_frnt_f.ncg	\
	pmpl_329_frnt_m.ncg	\
	pmpl_330_back_f.ncg	\
	pmpl_330_back_m.ncg	\
	pmpl_330_frnt_f.ncg	\
	pmpl_330_frnt_m.ncg	\
	pmpl_331_back_f.ncg	\
	pmpl_331_back_m.ncg	\
	pmpl_331_frnt_f.ncg	\
	pmpl_331_frnt_m.ncg	\
	pmpl_332_back_f.ncg	\
	pmpl_332_back_m.ncg	\
	pmpl_332_frnt_f.ncg	\
	pmpl_332_frnt_m.ncg	\
	pmpl_333_back_f.ncg	\
	pmpl_333_back_m.ncg	\
	pmpl_333_frnt_f.ncg	\
	pmpl_333_frnt_m.ncg	\
	pmpl_334_back_f.ncg	\
	pmpl_334_back_m.ncg	\
	pmpl_334_frnt_f.ncg	\
	pmpl_334_frnt_m.ncg	\
	pmpl_335_back_f.ncg	\
	pmpl_335_back_m.ncg	\
	pmpl_335_frnt_f.ncg	\
	pmpl_335_frnt_m.ncg	\
	pmpl_336_back_f.ncg	\
	pmpl_336_back_m.ncg	\
	pmpl_336_frnt_f.ncg	\
	pmpl_336_frnt_m.ncg	\
	pmpl_337_back_f.ncg	\
	pmpl_337_back_m.ncg	\
	pmpl_337_back_o.ncg	\
	pmpl_337_frnt_f.ncg	\
	pmpl_337_frnt_m.ncg	\
	pmpl_337_frnt_o.ncg	\
	pmpl_338_back_f.ncg	\
	pmpl_338_back_m.ncg	\
	pmpl_338_back_o.ncg	\
	pmpl_338_frnt_f.ncg	\
	pmpl_338_frnt_m.ncg	\
	pmpl_338_frnt_o.ncg	\
	pmpl_339_back_f.ncg	\
	pmpl_339_back_m.ncg	\
	pmpl_339_frnt_f.ncg	\
	pmpl_339_frnt_m.ncg	\
	pmpl_340_back_f.ncg	\
	pmpl_340_back_m.ncg	\
	pmpl_340_frnt_f.ncg	\
	pmpl_340_frnt_m.ncg	\
	pmpl_341_back_f.ncg	\
	pmpl_341_back_m.ncg	\
	pmpl_341_frnt_f.ncg	\
	pmpl_341_frnt_m.ncg	\
	pmpl_342_back_f.ncg	\
	pmpl_342_back_m.ncg	\
	pmpl_342_frnt_f.ncg	\
	pmpl_342_frnt_m.ncg	\
	pmpl_343_back_f.ncg	\
	pmpl_343_back_m.ncg	\
	pmpl_343_back_o.ncg	\
	pmpl_343_frnt_f.ncg	\
	pmpl_343_frnt_m.ncg	\
	pmpl_343_frnt_o.ncg	\
	pmpl_344_back_f.ncg	\
	pmpl_344_back_m.ncg	\
	pmpl_344_back_o.ncg	\
	pmpl_344_frnt_f.ncg	\
	pmpl_344_frnt_m.ncg	\
	pmpl_344_frnt_o.ncg	\
	pmpl_345_back_f.ncg	\
	pmpl_345_back_m.ncg	\
	pmpl_345_frnt_f.ncg	\
	pmpl_345_frnt_m.ncg	\
	pmpl_346_back_f.ncg	\
	pmpl_346_back_m.ncg	\
	pmpl_346_frnt_f.ncg	\
	pmpl_346_frnt_m.ncg	\
	pmpl_347_back_f.ncg	\
	pmpl_347_back_m.ncg	\
	pmpl_347_frnt_f.ncg	\
	pmpl_347_frnt_m.ncg	\
	pmpl_348_back_f.ncg	\
	pmpl_348_back_m.ncg	\
	pmpl_348_frnt_f.ncg	\
	pmpl_348_frnt_m.ncg	\
	pmpl_349_back_f.ncg	\
	pmpl_349_back_m.ncg	\
	pmpl_349_frnt_f.ncg	\
	pmpl_349_frnt_m.ncg	\
	pmpl_350_back_f.ncg	\
	pmpl_350_back_m.ncg	\
	pmpl_350_frnt_f.ncg	\
	pmpl_350_frnt_m.ncg	\
	pmpl_351_back_f.ncg	\
	pmpl_351_back_m.ncg	\
	pmpl_351_frnt_f.ncg	\
	pmpl_351_frnt_m.ncg	\
	pmpl_352_back_f.ncg	\
	pmpl_352_back_m.ncg	\
	pmpl_352_frnt_f.ncg	\
	pmpl_352_frnt_m.ncg	\
	pmpl_353_back_f.ncg	\
	pmpl_353_back_m.ncg	\
	pmpl_353_frnt_f.ncg	\
	pmpl_353_frnt_m.ncg	\
	pmpl_354_back_f.ncg	\
	pmpl_354_back_m.ncg	\
	pmpl_354_frnt_f.ncg	\
	pmpl_354_frnt_m.ncg	\
	pmpl_355_back_f.ncg	\
	pmpl_355_back_m.ncg	\
	pmpl_355_frnt_f.ncg	\
	pmpl_355_frnt_m.ncg	\
	pmpl_356_back_f.ncg	\
	pmpl_356_back_m.ncg	\
	pmpl_356_frnt_f.ncg	\
	pmpl_356_frnt_m.ncg	\
	pmpl_357_back_f.ncg	\
	pmpl_357_back_m.ncg	\
	pmpl_357_frnt_f.ncg	\
	pmpl_357_frnt_m.ncg	\
	pmpl_358_back_f.ncg	\
	pmpl_358_back_m.ncg	\
	pmpl_358_frnt_f.ncg	\
	pmpl_358_frnt_m.ncg	\
	pmpl_359_back_f.ncg	\
	pmpl_359_back_m.ncg	\
	pmpl_359_frnt_f.ncg	\
	pmpl_359_frnt_m.ncg	\
	pmpl_360_back_f.ncg	\
	pmpl_360_back_m.ncg	\
	pmpl_360_frnt_f.ncg	\
	pmpl_360_frnt_m.ncg	\
	pmpl_361_back_f.ncg	\
	pmpl_361_back_m.ncg	\
	pmpl_361_frnt_f.ncg	\
	pmpl_361_frnt_m.ncg	\
	pmpl_362_back_f.ncg	\
	pmpl_362_back_m.ncg	\
	pmpl_362_frnt_f.ncg	\
	pmpl_362_frnt_m.ncg	\
	pmpl_363_back_f.ncg	\
	pmpl_363_back_m.ncg	\
	pmpl_363_frnt_f.ncg	\
	pmpl_363_frnt_m.ncg	\
	pmpl_364_back_f.ncg	\
	pmpl_364_back_m.ncg	\
	pmpl_364_frnt_f.ncg	\
	pmpl_364_frnt_m.ncg	\
	pmpl_365_back_f.ncg	\
	pmpl_365_back_m.ncg	\
	pmpl_365_frnt_f.ncg	\
	pmpl_365_frnt_m.ncg	\
	pmpl_366_back_f.ncg	\
	pmpl_366_back_m.ncg	\
	pmpl_366_frnt_f.ncg	\
	pmpl_366_frnt_m.ncg	\
	pmpl_367_back_f.ncg	\
	pmpl_367_back_m.ncg	\
	pmpl_367_frnt_f.ncg	\
	pmpl_367_frnt_m.ncg	\
	pmpl_368_back_f.ncg	\
	pmpl_368_back_m.ncg	\
	pmpl_368_frnt_f.ncg	\
	pmpl_368_frnt_m.ncg	\
	pmpl_369_back_f.ncg	\
	pmpl_369_back_m.ncg	\
	pmpl_369_frnt_f.ncg	\
	pmpl_369_frnt_m.ncg	\
	pmpl_370_back_f.ncg	\
	pmpl_370_back_m.ncg	\
	pmpl_370_frnt_f.ncg	\
	pmpl_370_frnt_m.ncg	\
	pmpl_371_back_f.ncg	\
	pmpl_371_back_m.ncg	\
	pmpl_371_frnt_f.ncg	\
	pmpl_371_frnt_m.ncg	\
	pmpl_372_back_f.ncg	\
	pmpl_372_back_m.ncg	\
	pmpl_372_frnt_f.ncg	\
	pmpl_372_frnt_m.ncg	\
	pmpl_373_back_f.ncg	\
	pmpl_373_back_m.ncg	\
	pmpl_373_frnt_f.ncg	\
	pmpl_373_frnt_m.ncg	\
	pmpl_374_back_f.ncg	\
	pmpl_374_back_m.ncg	\
	pmpl_374_back_o.ncg	\
	pmpl_374_frnt_f.ncg	\
	pmpl_374_frnt_m.ncg	\
	pmpl_374_frnt_o.ncg	\
	pmpl_375_back_f.ncg	\
	pmpl_375_back_m.ncg	\
	pmpl_375_back_o.ncg	\
	pmpl_375_frnt_f.ncg	\
	pmpl_375_frnt_m.ncg	\
	pmpl_375_frnt_o.ncg	\
	pmpl_376_back_f.ncg	\
	pmpl_376_back_m.ncg	\
	pmpl_376_back_o.ncg	\
	pmpl_376_frnt_f.ncg	\
	pmpl_376_frnt_m.ncg	\
	pmpl_376_frnt_o.ncg	\
	pmpl_377_back_f.ncg	\
	pmpl_377_back_m.ncg	\
	pmpl_377_back_o.ncg	\
	pmpl_377_frnt_f.ncg	\
	pmpl_377_frnt_m.ncg	\
	pmpl_377_frnt_o.ncg	\
	pmpl_378_back_f.ncg	\
	pmpl_378_back_m.ncg	\
	pmpl_378_back_o.ncg	\
	pmpl_378_frnt_f.ncg	\
	pmpl_378_frnt_m.ncg	\
	pmpl_378_frnt_o.ncg	\
	pmpl_379_back_f.ncg	\
	pmpl_379_back_m.ncg	\
	pmpl_379_back_o.ncg	\
	pmpl_379_frnt_f.ncg	\
	pmpl_379_frnt_m.ncg	\
	pmpl_379_frnt_o.ncg	\
	pmpl_380_back_f.ncg	\
	pmpl_380_back_m.ncg	\
	pmpl_380_frnt_f.ncg	\
	pmpl_380_frnt_m.ncg	\
	pmpl_381_back_f.ncg	\
	pmpl_381_back_m.ncg	\
	pmpl_381_frnt_f.ncg	\
	pmpl_381_frnt_m.ncg	\
	pmpl_382_back_f.ncg	\
	pmpl_382_back_m.ncg	\
	pmpl_382_back_o.ncg	\
	pmpl_382_frnt_f.ncg	\
	pmpl_382_frnt_m.ncg	\
	pmpl_382_frnt_o.ncg	\
	pmpl_383_back_f.ncg	\
	pmpl_383_back_m.ncg	\
	pmpl_383_back_o.ncg	\
	pmpl_383_frnt_f.ncg	\
	pmpl_383_frnt_m.ncg	\
	pmpl_383_frnt_o.ncg	\
	pmpl_384_back_f.ncg	\
	pmpl_384_back_m.ncg	\
	pmpl_384_back_o.ncg	\
	pmpl_384_frnt_f.ncg	\
	pmpl_384_frnt_m.ncg	\
	pmpl_384_frnt_o.ncg	\
	pmpl_385_back_f.ncg	\
	pmpl_385_back_m.ncg	\
	pmpl_385_back_o.ncg	\
	pmpl_385_frnt_f.ncg	\
	pmpl_385_frnt_m.ncg	\
	pmpl_385_frnt_o.ncg	\
	pmpl_386_back_f.ncg	\
	pmpl_386_back_m.ncg	\
	pmpl_386_back_o.ncg	\
	pmpl_386_frnt_f.ncg	\
	pmpl_386_frnt_m.ncg	\
	pmpl_386_frnt_o.ncg	\
	pmpl_387_back_f.ncg	\
	pmpl_387_back_m.ncg	\
	pmpl_387_frnt_f.ncg	\
	pmpl_387_frnt_m.ncg	\
	pmpl_388_back_f.ncg	\
	pmpl_388_back_m.ncg	\
	pmpl_388_frnt_f.ncg	\
	pmpl_388_frnt_m.ncg	\
	pmpl_389_back_f.ncg	\
	pmpl_389_back_m.ncg	\
	pmpl_389_frnt_f.ncg	\
	pmpl_389_frnt_m.ncg	\
	pmpl_390_back_f.ncg	\
	pmpl_390_back_m.ncg	\
	pmpl_390_frnt_f.ncg	\
	pmpl_390_frnt_m.ncg	\
	pmpl_391_back_f.ncg	\
	pmpl_391_back_m.ncg	\
	pmpl_391_frnt_f.ncg	\
	pmpl_391_frnt_m.ncg	\
	pmpl_392_back_f.ncg	\
	pmpl_392_back_m.ncg	\
	pmpl_392_frnt_f.ncg	\
	pmpl_392_frnt_m.ncg	\
	pmpl_393_back_f.ncg	\
	pmpl_393_back_m.ncg	\
	pmpl_393_frnt_f.ncg	\
	pmpl_393_frnt_m.ncg	\
	pmpl_394_back_f.ncg	\
	pmpl_394_back_m.ncg	\
	pmpl_394_frnt_f.ncg	\
	pmpl_394_frnt_m.ncg	\
	pmpl_395_back_f.ncg	\
	pmpl_395_back_m.ncg	\
	pmpl_395_frnt_f.ncg	\
	pmpl_395_frnt_m.ncg	\
	pmpl_396_back_f.ncg	\
	pmpl_396_back_m.ncg	\
	pmpl_396_frnt_f.ncg	\
	pmpl_396_frnt_m.ncg	\
	pmpl_397_back_f.ncg	\
	pmpl_397_back_m.ncg	\
	pmpl_397_frnt_f.ncg	\
	pmpl_397_frnt_m.ncg	\
	pmpl_398_back_f.ncg	\
	pmpl_398_back_m.ncg	\
	pmpl_398_frnt_f.ncg	\
	pmpl_398_frnt_m.ncg	\
	pmpl_399_back_f.ncg	\
	pmpl_399_back_m.ncg	\
	pmpl_399_frnt_f.ncg	\
	pmpl_399_frnt_m.ncg	\
	pmpl_400_back_f.ncg	\
	pmpl_400_back_m.ncg	\
	pmpl_400_frnt_f.ncg	\
	pmpl_400_frnt_m.ncg	\
	pmpl_401_back_f.ncg	\
	pmpl_401_back_m.ncg	\
	pmpl_401_frnt_f.ncg	\
	pmpl_401_frnt_m.ncg	\
	pmpl_402_back_f.ncg	\
	pmpl_402_back_m.ncg	\
	pmpl_402_frnt_f.ncg	\
	pmpl_402_frnt_m.ncg	\
	pmpl_403_back_f.ncg	\
	pmpl_403_back_m.ncg	\
	pmpl_403_frnt_f.ncg	\
	pmpl_403_frnt_m.ncg	\
	pmpl_404_back_f.ncg	\
	pmpl_404_back_m.ncg	\
	pmpl_404_frnt_f.ncg	\
	pmpl_404_frnt_m.ncg	\
	pmpl_405_back_f.ncg	\
	pmpl_405_back_m.ncg	\
	pmpl_405_frnt_f.ncg	\
	pmpl_405_frnt_m.ncg	\
	pmpl_406_back_f.ncg	\
	pmpl_406_back_m.ncg	\
	pmpl_406_frnt_f.ncg	\
	pmpl_406_frnt_m.ncg	\
	pmpl_407_back_f.ncg	\
	pmpl_407_back_m.ncg	\
	pmpl_407_frnt_f.ncg	\
	pmpl_407_frnt_m.ncg	\
	pmpl_408_back_f.ncg	\
	pmpl_408_back_m.ncg	\
	pmpl_408_frnt_f.ncg	\
	pmpl_408_frnt_m.ncg	\
	pmpl_409_back_f.ncg	\
	pmpl_409_back_m.ncg	\
	pmpl_409_frnt_f.ncg	\
	pmpl_409_frnt_m.ncg	\
	pmpl_410_back_f.ncg	\
	pmpl_410_back_m.ncg	\
	pmpl_410_frnt_f.ncg	\
	pmpl_410_frnt_m.ncg	\
	pmpl_411_back_f.ncg	\
	pmpl_411_back_m.ncg	\
	pmpl_411_frnt_f.ncg	\
	pmpl_411_frnt_m.ncg	\
	pmpl_412_back_f.ncg	\
	pmpl_412_back_m.ncg	\
	pmpl_412_frnt_f.ncg	\
	pmpl_412_frnt_m.ncg	\
	pmpl_413_back_f.ncg	\
	pmpl_413_back_m.ncg	\
	pmpl_413_frnt_f.ncg	\
	pmpl_413_frnt_m.ncg	\
	pmpl_414_back_f.ncg	\
	pmpl_414_back_m.ncg	\
	pmpl_414_frnt_f.ncg	\
	pmpl_414_frnt_m.ncg	\
	pmpl_415_back_f.ncg	\
	pmpl_415_back_m.ncg	\
	pmpl_415_frnt_f.ncg	\
	pmpl_415_frnt_m.ncg	\
	pmpl_416_back_f.ncg	\
	pmpl_416_back_m.ncg	\
	pmpl_416_frnt_f.ncg	\
	pmpl_416_frnt_m.ncg	\
	pmpl_417_back_f.ncg	\
	pmpl_417_back_m.ncg	\
	pmpl_417_frnt_f.ncg	\
	pmpl_417_frnt_m.ncg	\
	pmpl_418_back_f.ncg	\
	pmpl_418_back_m.ncg	\
	pmpl_418_frnt_f.ncg	\
	pmpl_418_frnt_m.ncg	\
	pmpl_419_back_f.ncg	\
	pmpl_419_back_m.ncg	\
	pmpl_419_frnt_f.ncg	\
	pmpl_419_frnt_m.ncg	\
	pmpl_420_back_f.ncg	\
	pmpl_420_back_m.ncg	\
	pmpl_420_frnt_f.ncg	\
	pmpl_420_frnt_m.ncg	\
	pmpl_421_back_f.ncg	\
	pmpl_421_back_m.ncg	\
	pmpl_421_frnt_f.ncg	\
	pmpl_421_frnt_m.ncg	\
	pmpl_422_back_f.ncg	\
	pmpl_422_back_m.ncg	\
	pmpl_422_frnt_f.ncg	\
	pmpl_422_frnt_m.ncg	\
	pmpl_423_back_f.ncg	\
	pmpl_423_back_m.ncg	\
	pmpl_423_frnt_f.ncg	\
	pmpl_423_frnt_m.ncg	\
	pmpl_424_back_f.ncg	\
	pmpl_424_back_m.ncg	\
	pmpl_424_frnt_f.ncg	\
	pmpl_424_frnt_m.ncg	\
	pmpl_425_back_f.ncg	\
	pmpl_425_back_m.ncg	\
	pmpl_425_frnt_f.ncg	\
	pmpl_425_frnt_m.ncg	\
	pmpl_426_back_f.ncg	\
	pmpl_426_back_m.ncg	\
	pmpl_426_frnt_f.ncg	\
	pmpl_426_frnt_m.ncg	\
	pmpl_000_n.ncl	\
	pmpl_000_r.ncl	\
	pmpl_001_n.ncl	\
	pmpl_001_r.ncl	\
	pmpl_002_n.ncl	\
	pmpl_002_r.ncl	\
	pmpl_003_n.ncl	\
	pmpl_003_r.ncl	\
	pmpl_004_n.ncl	\
	pmpl_004_r.ncl	\
	pmpl_005_n.ncl	\
	pmpl_005_r.ncl	\
	pmpl_006_n.ncl	\
	pmpl_006_r.ncl	\
	pmpl_007_n.ncl	\
	pmpl_007_r.ncl	\
	pmpl_008_n.ncl	\
	pmpl_008_r.ncl	\
	pmpl_009_n.ncl	\
	pmpl_009_r.ncl	\
	pmpl_010_n.ncl	\
	pmpl_010_r.ncl	\
	pmpl_011_n.ncl	\
	pmpl_011_r.ncl	\
	pmpl_012_n.ncl	\
	pmpl_012_r.ncl	\
	pmpl_013_n.ncl	\
	pmpl_013_r.ncl	\
	pmpl_014_n.ncl	\
	pmpl_014_r.ncl	\
	pmpl_015_n.ncl	\
	pmpl_015_r.ncl	\
	pmpl_016_n.ncl	\
	pmpl_016_r.ncl	\
	pmpl_017_n.ncl	\
	pmpl_017_r.ncl	\
	pmpl_018_n.ncl	\
	pmpl_018_r.ncl	\
	pmpl_019_n.ncl	\
	pmpl_019_r.ncl	\
	pmpl_020_n.ncl	\
	pmpl_020_r.ncl	\
	pmpl_021_n.ncl	\
	pmpl_021_r.ncl	\
	pmpl_022_n.ncl	\
	pmpl_022_r.ncl	\
	pmpl_023_n.ncl	\
	pmpl_023_r.ncl	\
	pmpl_024_n.ncl	\
	pmpl_024_r.ncl	\
	pmpl_025_n.ncl	\
	pmpl_025_r.ncl	\
	pmpl_026_n.ncl	\
	pmpl_026_r.ncl	\
	pmpl_027_n.ncl	\
	pmpl_027_r.ncl	\
	pmpl_028_n.ncl	\
	pmpl_028_r.ncl	\
	pmpl_029_n.ncl	\
	pmpl_029_r.ncl	\
	pmpl_030_n.ncl	\
	pmpl_030_r.ncl	\
	pmpl_031_n.ncl	\
	pmpl_031_r.ncl	\
	pmpl_032_n.ncl	\
	pmpl_032_r.ncl	\
	pmpl_033_n.ncl	\
	pmpl_033_r.ncl	\
	pmpl_034_n.ncl	\
	pmpl_034_r.ncl	\
	pmpl_035_n.ncl	\
	pmpl_035_r.ncl	\
	pmpl_036_n.ncl	\
	pmpl_036_r.ncl	\
	pmpl_037_n.ncl	\
	pmpl_037_r.ncl	\
	pmpl_038_n.ncl	\
	pmpl_038_r.ncl	\
	pmpl_039_n.ncl	\
	pmpl_039_r.ncl	\
	pmpl_040_n.ncl	\
	pmpl_040_r.ncl	\
	pmpl_041_n.ncl	\
	pmpl_041_r.ncl	\
	pmpl_042_n.ncl	\
	pmpl_042_r.ncl	\
	pmpl_043_n.ncl	\
	pmpl_043_r.ncl	\
	pmpl_044_n.ncl	\
	pmpl_044_r.ncl	\
	pmpl_045_n.ncl	\
	pmpl_045_r.ncl	\
	pmpl_046_n.ncl	\
	pmpl_046_r.ncl	\
	pmpl_047_n.ncl	\
	pmpl_047_r.ncl	\
	pmpl_048_n.ncl	\
	pmpl_048_r.ncl	\
	pmpl_049_n.ncl	\
	pmpl_049_r.ncl	\
	pmpl_050_n.ncl	\
	pmpl_050_r.ncl	\
	pmpl_051_n.ncl	\
	pmpl_051_r.ncl	\
	pmpl_052_n.ncl	\
	pmpl_052_r.ncl	\
	pmpl_053_n.ncl	\
	pmpl_053_r.ncl	\
	pmpl_054_n.ncl	\
	pmpl_054_r.ncl	\
	pmpl_055_n.ncl	\
	pmpl_055_r.ncl	\
	pmpl_056_n.ncl	\
	pmpl_056_r.ncl	\
	pmpl_057_n.ncl	\
	pmpl_057_r.ncl	\
	pmpl_058_n.ncl	\
	pmpl_058_r.ncl	\
	pmpl_059_n.ncl	\
	pmpl_059_r.ncl	\
	pmpl_060_n.ncl	\
	pmpl_060_r.ncl	\
	pmpl_061_n.ncl	\
	pmpl_061_r.ncl	\
	pmpl_062_n.ncl	\
	pmpl_062_r.ncl	\
	pmpl_063_n.ncl	\
	pmpl_063_r.ncl	\
	pmpl_064_n.ncl	\
	pmpl_064_r.ncl	\
	pmpl_065_n.ncl	\
	pmpl_065_r.ncl	\
	pmpl_066_n.ncl	\
	pmpl_066_r.ncl	\
	pmpl_067_n.ncl	\
	pmpl_067_r.ncl	\
	pmpl_068_n.ncl	\
	pmpl_068_r.ncl	\
	pmpl_069_n.ncl	\
	pmpl_069_r.ncl	\
	pmpl_070_n.ncl	\
	pmpl_070_r.ncl	\
	pmpl_071_n.ncl	\
	pmpl_071_r.ncl	\
	pmpl_072_n.ncl	\
	pmpl_072_r.ncl	\
	pmpl_073_n.ncl	\
	pmpl_073_r.ncl	\
	pmpl_074_n.ncl	\
	pmpl_074_r.ncl	\
	pmpl_075_n.ncl	\
	pmpl_075_r.ncl	\
	pmpl_076_n.ncl	\
	pmpl_076_r.ncl	\
	pmpl_077_n.ncl	\
	pmpl_077_r.ncl	\
	pmpl_078_n.ncl	\
	pmpl_078_r.ncl	\
	pmpl_079_n.ncl	\
	pmpl_079_r.ncl	\
	pmpl_080_n.ncl	\
	pmpl_080_r.ncl	\
	pmpl_081_n.ncl	\
	pmpl_081_r.ncl	\
	pmpl_082_n.ncl	\
	pmpl_082_r.ncl	\
	pmpl_083_n.ncl	\
	pmpl_083_r.ncl	\
	pmpl_084_n.ncl	\
	pmpl_084_r.ncl	\
	pmpl_085_n.ncl	\
	pmpl_085_r.ncl	\
	pmpl_086_n.ncl	\
	pmpl_086_r.ncl	\
	pmpl_087_n.ncl	\
	pmpl_087_r.ncl	\
	pmpl_088_n.ncl	\
	pmpl_088_r.ncl	\
	pmpl_089_n.ncl	\
	pmpl_089_r.ncl	\
	pmpl_090_n.ncl	\
	pmpl_090_r.ncl	\
	pmpl_091_n.ncl	\
	pmpl_091_r.ncl	\
	pmpl_092_n.ncl	\
	pmpl_092_r.ncl	\
	pmpl_093_n.ncl	\
	pmpl_093_r.ncl	\
	pmpl_094_n.ncl	\
	pmpl_094_r.ncl	\
	pmpl_095_n.ncl	\
	pmpl_095_r.ncl	\
	pmpl_096_n.ncl	\
	pmpl_096_r.ncl	\
	pmpl_097_n.ncl	\
	pmpl_097_r.ncl	\
	pmpl_098_n.ncl	\
	pmpl_098_r.ncl	\
	pmpl_099_n.ncl	\
	pmpl_099_r.ncl	\
	pmpl_100_n.ncl	\
	pmpl_100_r.ncl	\
	pmpl_101_n.ncl	\
	pmpl_101_r.ncl	\
	pmpl_102_n.ncl	\
	pmpl_102_r.ncl	\
	pmpl_103_n.ncl	\
	pmpl_103_r.ncl	\
	pmpl_104_n.ncl	\
	pmpl_104_r.ncl	\
	pmpl_105_n.ncl	\
	pmpl_105_r.ncl	\
	pmpl_106_n.ncl	\
	pmpl_106_r.ncl	\
	pmpl_107_n.ncl	\
	pmpl_107_r.ncl	\
	pmpl_108_n.ncl	\
	pmpl_108_r.ncl	\
	pmpl_109_n.ncl	\
	pmpl_109_r.ncl	\
	pmpl_110_n.ncl	\
	pmpl_110_r.ncl	\
	pmpl_111_n.ncl	\
	pmpl_111_r.ncl	\
	pmpl_112_n.ncl	\
	pmpl_112_r.ncl	\
	pmpl_113_n.ncl	\
	pmpl_113_r.ncl	\
	pmpl_114_n.ncl	\
	pmpl_114_r.ncl	\
	pmpl_115_n.ncl	\
	pmpl_115_r.ncl	\
	pmpl_116_n.ncl	\
	pmpl_116_r.ncl	\
	pmpl_117_n.ncl	\
	pmpl_117_r.ncl	\
	pmpl_118_n.ncl	\
	pmpl_118_r.ncl	\
	pmpl_119_n.ncl	\
	pmpl_119_r.ncl	\
	pmpl_120_n.ncl	\
	pmpl_120_r.ncl	\
	pmpl_121_n.ncl	\
	pmpl_121_r.ncl	\
	pmpl_122_n.ncl	\
	pmpl_122_r.ncl	\
	pmpl_123_n.ncl	\
	pmpl_123_r.ncl	\
	pmpl_124_n.ncl	\
	pmpl_124_r.ncl	\
	pmpl_125_n.ncl	\
	pmpl_125_r.ncl	\
	pmpl_126_n.ncl	\
	pmpl_126_r.ncl	\
	pmpl_127_n.ncl	\
	pmpl_127_r.ncl	\
	pmpl_128_n.ncl	\
	pmpl_128_r.ncl	\
	pmpl_129_n.ncl	\
	pmpl_129_r.ncl	\
	pmpl_130_n.ncl	\
	pmpl_130_r.ncl	\
	pmpl_131_n.ncl	\
	pmpl_131_r.ncl	\
	pmpl_132_n.ncl	\
	pmpl_132_r.ncl	\
	pmpl_133_n.ncl	\
	pmpl_133_r.ncl	\
	pmpl_134_n.ncl	\
	pmpl_134_r.ncl	\
	pmpl_135_n.ncl	\
	pmpl_135_r.ncl	\
	pmpl_136_n.ncl	\
	pmpl_136_r.ncl	\
	pmpl_137_n.ncl	\
	pmpl_137_r.ncl	\
	pmpl_138_n.ncl	\
	pmpl_138_r.ncl	\
	pmpl_139_n.ncl	\
	pmpl_139_r.ncl	\
	pmpl_140_n.ncl	\
	pmpl_140_r.ncl	\
	pmpl_141_n.ncl	\
	pmpl_141_r.ncl	\
	pmpl_142_n.ncl	\
	pmpl_142_r.ncl	\
	pmpl_143_n.ncl	\
	pmpl_143_r.ncl	\
	pmpl_144_n.ncl	\
	pmpl_144_r.ncl	\
	pmpl_145_n.ncl	\
	pmpl_145_r.ncl	\
	pmpl_146_n.ncl	\
	pmpl_146_r.ncl	\
	pmpl_147_n.ncl	\
	pmpl_147_r.ncl	\
	pmpl_148_n.ncl	\
	pmpl_148_r.ncl	\
	pmpl_149_n.ncl	\
	pmpl_149_r.ncl	\
	pmpl_150_n.ncl	\
	pmpl_150_r.ncl	\
	pmpl_151_n.ncl	\
	pmpl_151_r.ncl	\
	pmpl_152_n.ncl	\
	pmpl_152_r.ncl	\
	pmpl_153_n.ncl	\
	pmpl_153_r.ncl	\
	pmpl_154_n.ncl	\
	pmpl_154_r.ncl	\
	pmpl_155_n.ncl	\
	pmpl_155_r.ncl	\
	pmpl_156_n.ncl	\
	pmpl_156_r.ncl	\
	pmpl_157_n.ncl	\
	pmpl_157_r.ncl	\
	pmpl_158_n.ncl	\
	pmpl_158_r.ncl	\
	pmpl_159_n.ncl	\
	pmpl_159_r.ncl	\
	pmpl_160_n.ncl	\
	pmpl_160_r.ncl	\
	pmpl_161_n.ncl	\
	pmpl_161_r.ncl	\
	pmpl_162_n.ncl	\
	pmpl_162_r.ncl	\
	pmpl_163_n.ncl	\
	pmpl_163_r.ncl	\
	pmpl_164_n.ncl	\
	pmpl_164_r.ncl	\
	pmpl_165_n.ncl	\
	pmpl_165_r.ncl	\
	pmpl_166_n.ncl	\
	pmpl_166_r.ncl	\
	pmpl_167_n.ncl	\
	pmpl_167_r.ncl	\
	pmpl_168_n.ncl	\
	pmpl_168_r.ncl	\
	pmpl_169_n.ncl	\
	pmpl_169_r.ncl	\
	pmpl_170_n.ncl	\
	pmpl_170_r.ncl	\
	pmpl_171_n.ncl	\
	pmpl_171_r.ncl	\
	pmpl_172_n.ncl	\
	pmpl_172_r.ncl	\
	pmpl_173_n.ncl	\
	pmpl_173_r.ncl	\
	pmpl_174_n.ncl	\
	pmpl_174_r.ncl	\
	pmpl_175_n.ncl	\
	pmpl_175_r.ncl	\
	pmpl_176_n.ncl	\
	pmpl_176_r.ncl	\
	pmpl_177_n.ncl	\
	pmpl_177_r.ncl	\
	pmpl_178_n.ncl	\
	pmpl_178_r.ncl	\
	pmpl_179_n.ncl	\
	pmpl_179_r.ncl	\
	pmpl_180_n.ncl	\
	pmpl_180_r.ncl	\
	pmpl_181_n.ncl	\
	pmpl_181_r.ncl	\
	pmpl_182_n.ncl	\
	pmpl_182_r.ncl	\
	pmpl_183_n.ncl	\
	pmpl_183_r.ncl	\
	pmpl_184_n.ncl	\
	pmpl_184_r.ncl	\
	pmpl_185_n.ncl	\
	pmpl_185_r.ncl	\
	pmpl_186_n.ncl	\
	pmpl_186_r.ncl	\
	pmpl_187_n.ncl	\
	pmpl_187_r.ncl	\
	pmpl_188_n.ncl	\
	pmpl_188_r.ncl	\
	pmpl_189_n.ncl	\
	pmpl_189_r.ncl	\
	pmpl_190_n.ncl	\
	pmpl_190_r.ncl	\
	pmpl_191_n.ncl	\
	pmpl_191_r.ncl	\
	pmpl_192_n.ncl	\
	pmpl_192_r.ncl	\
	pmpl_193_n.ncl	\
	pmpl_193_r.ncl	\
	pmpl_194_n.ncl	\
	pmpl_194_r.ncl	\
	pmpl_195_n.ncl	\
	pmpl_195_r.ncl	\
	pmpl_196_n.ncl	\
	pmpl_196_r.ncl	\
	pmpl_197_n.ncl	\
	pmpl_197_r.ncl	\
	pmpl_198_n.ncl	\
	pmpl_198_r.ncl	\
	pmpl_199_n.ncl	\
	pmpl_199_r.ncl	\
	pmpl_200_n.ncl	\
	pmpl_200_r.ncl	\
	pmpl_201_n.ncl	\
	pmpl_201_r.ncl	\
	pmpl_202_n.ncl	\
	pmpl_202_r.ncl	\
	pmpl_203_n.ncl	\
	pmpl_203_r.ncl	\
	pmpl_204_n.ncl	\
	pmpl_204_r.ncl	\
	pmpl_205_n.ncl	\
	pmpl_205_r.ncl	\
	pmpl_206_n.ncl	\
	pmpl_206_r.ncl	\
	pmpl_207_n.ncl	\
	pmpl_207_r.ncl	\
	pmpl_208_n.ncl	\
	pmpl_208_r.ncl	\
	pmpl_209_n.ncl	\
	pmpl_209_r.ncl	\
	pmpl_210_n.ncl	\
	pmpl_210_r.ncl	\
	pmpl_211_n.ncl	\
	pmpl_211_r.ncl	\
	pmpl_212_n.ncl	\
	pmpl_212_r.ncl	\
	pmpl_213_n.ncl	\
	pmpl_213_r.ncl	\
	pmpl_214_n.ncl	\
	pmpl_214_r.ncl	\
	pmpl_215_n.ncl	\
	pmpl_215_r.ncl	\
	pmpl_216_n.ncl	\
	pmpl_216_r.ncl	\
	pmpl_217_n.ncl	\
	pmpl_217_r.ncl	\
	pmpl_218_n.ncl	\
	pmpl_218_r.ncl	\
	pmpl_219_n.ncl	\
	pmpl_219_r.ncl	\
	pmpl_220_n.ncl	\
	pmpl_220_r.ncl	\
	pmpl_221_n.ncl	\
	pmpl_221_r.ncl	\
	pmpl_222_n.ncl	\
	pmpl_222_r.ncl	\
	pmpl_223_n.ncl	\
	pmpl_223_r.ncl	\
	pmpl_224_n.ncl	\
	pmpl_224_r.ncl	\
	pmpl_225_n.ncl	\
	pmpl_225_r.ncl	\
	pmpl_226_n.ncl	\
	pmpl_226_r.ncl	\
	pmpl_227_n.ncl	\
	pmpl_227_r.ncl	\
	pmpl_228_n.ncl	\
	pmpl_228_r.ncl	\
	pmpl_229_n.ncl	\
	pmpl_229_r.ncl	\
	pmpl_230_n.ncl	\
	pmpl_230_r.ncl	\
	pmpl_231_n.ncl	\
	pmpl_231_r.ncl	\
	pmpl_232_n.ncl	\
	pmpl_232_r.ncl	\
	pmpl_233_n.ncl	\
	pmpl_233_r.ncl	\
	pmpl_234_n.ncl	\
	pmpl_234_r.ncl	\
	pmpl_235_n.ncl	\
	pmpl_235_r.ncl	\
	pmpl_236_n.ncl	\
	pmpl_236_r.ncl	\
	pmpl_237_n.ncl	\
	pmpl_237_r.ncl	\
	pmpl_238_n.ncl	\
	pmpl_238_r.ncl	\
	pmpl_239_n.ncl	\
	pmpl_239_r.ncl	\
	pmpl_240_n.ncl	\
	pmpl_240_r.ncl	\
	pmpl_241_n.ncl	\
	pmpl_241_r.ncl	\
	pmpl_242_n.ncl	\
	pmpl_242_r.ncl	\
	pmpl_243_n.ncl	\
	pmpl_243_r.ncl	\
	pmpl_244_n.ncl	\
	pmpl_244_r.ncl	\
	pmpl_245_n.ncl	\
	pmpl_245_r.ncl	\
	pmpl_246_n.ncl	\
	pmpl_246_r.ncl	\
	pmpl_247_n.ncl	\
	pmpl_247_r.ncl	\
	pmpl_248_n.ncl	\
	pmpl_248_r.ncl	\
	pmpl_249_n.ncl	\
	pmpl_249_r.ncl	\
	pmpl_250_n.ncl	\
	pmpl_250_r.ncl	\
	pmpl_251_n.ncl	\
	pmpl_251_r.ncl	\
	pmpl_252_n.ncl	\
	pmpl_252_r.ncl	\
	pmpl_253_n.ncl	\
	pmpl_253_r.ncl	\
	pmpl_254_n.ncl	\
	pmpl_254_r.ncl	\
	pmpl_255_n.ncl	\
	pmpl_255_r.ncl	\
	pmpl_256_n.ncl	\
	pmpl_256_r.ncl	\
	pmpl_257_n.ncl	\
	pmpl_257_r.ncl	\
	pmpl_258_n.ncl	\
	pmpl_258_r.ncl	\
	pmpl_259_n.ncl	\
	pmpl_259_r.ncl	\
	pmpl_260_n.ncl	\
	pmpl_260_r.ncl	\
	pmpl_261_n.ncl	\
	pmpl_261_r.ncl	\
	pmpl_262_n.ncl	\
	pmpl_262_r.ncl	\
	pmpl_263_n.ncl	\
	pmpl_263_r.ncl	\
	pmpl_264_n.ncl	\
	pmpl_264_r.ncl	\
	pmpl_265_n.ncl	\
	pmpl_265_r.ncl	\
	pmpl_266_n.ncl	\
	pmpl_266_r.ncl	\
	pmpl_267_n.ncl	\
	pmpl_267_r.ncl	\
	pmpl_268_n.ncl	\
	pmpl_268_r.ncl	\
	pmpl_269_n.ncl	\
	pmpl_269_r.ncl	\
	pmpl_270_n.ncl	\
	pmpl_270_r.ncl	\
	pmpl_271_n.ncl	\
	pmpl_271_r.ncl	\
	pmpl_272_n.ncl	\
	pmpl_272_r.ncl	\
	pmpl_273_n.ncl	\
	pmpl_273_r.ncl	\
	pmpl_274_n.ncl	\
	pmpl_274_r.ncl	\
	pmpl_275_n.ncl	\
	pmpl_275_r.ncl	\
	pmpl_276_n.ncl	\
	pmpl_276_r.ncl	\
	pmpl_277_n.ncl	\
	pmpl_277_r.ncl	\
	pmpl_278_n.ncl	\
	pmpl_278_r.ncl	\
	pmpl_279_n.ncl	\
	pmpl_279_r.ncl	\
	pmpl_280_n.ncl	\
	pmpl_280_r.ncl	\
	pmpl_281_n.ncl	\
	pmpl_281_r.ncl	\
	pmpl_282_n.ncl	\
	pmpl_282_r.ncl	\
	pmpl_283_n.ncl	\
	pmpl_283_r.ncl	\
	pmpl_284_n.ncl	\
	pmpl_284_r.ncl	\
	pmpl_285_n.ncl	\
	pmpl_285_r.ncl	\
	pmpl_286_n.ncl	\
	pmpl_286_r.ncl	\
	pmpl_287_n.ncl	\
	pmpl_287_r.ncl	\
	pmpl_288_n.ncl	\
	pmpl_288_r.ncl	\
	pmpl_289_n.ncl	\
	pmpl_289_r.ncl	\
	pmpl_290_n.ncl	\
	pmpl_290_r.ncl	\
	pmpl_291_n.ncl	\
	pmpl_291_r.ncl	\
	pmpl_292_n.ncl	\
	pmpl_292_r.ncl	\
	pmpl_293_n.ncl	\
	pmpl_293_r.ncl	\
	pmpl_294_n.ncl	\
	pmpl_294_r.ncl	\
	pmpl_295_n.ncl	\
	pmpl_295_r.ncl	\
	pmpl_296_n.ncl	\
	pmpl_296_r.ncl	\
	pmpl_297_n.ncl	\
	pmpl_297_r.ncl	\
	pmpl_298_n.ncl	\
	pmpl_298_r.ncl	\
	pmpl_299_n.ncl	\
	pmpl_299_r.ncl	\
	pmpl_300_n.ncl	\
	pmpl_300_r.ncl	\
	pmpl_301_n.ncl	\
	pmpl_301_r.ncl	\
	pmpl_302_n.ncl	\
	pmpl_302_r.ncl	\
	pmpl_303_n.ncl	\
	pmpl_303_r.ncl	\
	pmpl_304_n.ncl	\
	pmpl_304_r.ncl	\
	pmpl_305_n.ncl	\
	pmpl_305_r.ncl	\
	pmpl_306_n.ncl	\
	pmpl_306_r.ncl	\
	pmpl_307_n.ncl	\
	pmpl_307_r.ncl	\
	pmpl_308_n.ncl	\
	pmpl_308_r.ncl	\
	pmpl_309_n.ncl	\
	pmpl_309_r.ncl	\
	pmpl_310_n.ncl	\
	pmpl_310_r.ncl	\
	pmpl_311_n.ncl	\
	pmpl_311_r.ncl	\
	pmpl_312_n.ncl	\
	pmpl_312_r.ncl	\
	pmpl_313_n.ncl	\
	pmpl_313_r.ncl	\
	pmpl_314_n.ncl	\
	pmpl_314_r.ncl	\
	pmpl_315_n.ncl	\
	pmpl_315_r.ncl	\
	pmpl_316_n.ncl	\
	pmpl_316_r.ncl	\
	pmpl_317_n.ncl	\
	pmpl_317_r.ncl	\
	pmpl_318_n.ncl	\
	pmpl_318_r.ncl	\
	pmpl_319_n.ncl	\
	pmpl_319_r.ncl	\
	pmpl_320_n.ncl	\
	pmpl_320_r.ncl	\
	pmpl_321_n.ncl	\
	pmpl_321_r.ncl	\
	pmpl_322_n.ncl	\
	pmpl_322_r.ncl	\
	pmpl_323_n.ncl	\
	pmpl_323_r.ncl	\
	pmpl_324_n.ncl	\
	pmpl_324_r.ncl	\
	pmpl_325_n.ncl	\
	pmpl_325_r.ncl	\
	pmpl_326_n.ncl	\
	pmpl_326_r.ncl	\
	pmpl_327_n.ncl	\
	pmpl_327_r.ncl	\
	pmpl_328_n.ncl	\
	pmpl_328_r.ncl	\
	pmpl_329_n.ncl	\
	pmpl_329_r.ncl	\
	pmpl_330_n.ncl	\
	pmpl_330_r.ncl	\
	pmpl_331_n.ncl	\
	pmpl_331_r.ncl	\
	pmpl_332_n.ncl	\
	pmpl_332_r.ncl	\
	pmpl_333_n.ncl	\
	pmpl_333_r.ncl	\
	pmpl_334_n.ncl	\
	pmpl_334_r.ncl	\
	pmpl_335_n.ncl	\
	pmpl_335_r.ncl	\
	pmpl_336_n.ncl	\
	pmpl_336_r.ncl	\
	pmpl_337_n.ncl	\
	pmpl_337_r.ncl	\
	pmpl_338_n.ncl	\
	pmpl_338_r.ncl	\
	pmpl_339_n.ncl	\
	pmpl_339_r.ncl	\
	pmpl_340_n.ncl	\
	pmpl_340_r.ncl	\
	pmpl_341_n.ncl	\
	pmpl_341_r.ncl	\
	pmpl_342_n.ncl	\
	pmpl_342_r.ncl	\
	pmpl_343_n.ncl	\
	pmpl_343_r.ncl	\
	pmpl_344_n.ncl	\
	pmpl_344_r.ncl	\
	pmpl_345_n.ncl	\
	pmpl_345_r.ncl	\
	pmpl_346_n.ncl	\
	pmpl_346_r.ncl	\
	pmpl_347_n.ncl	\
	pmpl_347_r.ncl	\
	pmpl_348_n.ncl	\
	pmpl_348_r.ncl	\
	pmpl_349_n.ncl	\
	pmpl_349_r.ncl	\
	pmpl_350_n.ncl	\
	pmpl_350_r.ncl	\
	pmpl_351_n.ncl	\
	pmpl_351_r.ncl	\
	pmpl_352_n.ncl	\
	pmpl_352_r.ncl	\
	pmpl_353_n.ncl	\
	pmpl_353_r.ncl	\
	pmpl_354_n.ncl	\
	pmpl_354_r.ncl	\
	pmpl_355_n.ncl	\
	pmpl_355_r.ncl	\
	pmpl_356_n.ncl	\
	pmpl_356_r.ncl	\
	pmpl_357_n.ncl	\
	pmpl_357_r.ncl	\
	pmpl_358_n.ncl	\
	pmpl_358_r.ncl	\
	pmpl_359_n.ncl	\
	pmpl_359_r.ncl	\
	pmpl_360_n.ncl	\
	pmpl_360_r.ncl	\
	pmpl_361_n.ncl	\
	pmpl_361_r.ncl	\
	pmpl_362_n.ncl	\
	pmpl_362_r.ncl	\
	pmpl_363_n.ncl	\
	pmpl_363_r.ncl	\
	pmpl_364_n.ncl	\
	pmpl_364_r.ncl	\
	pmpl_365_n.ncl	\
	pmpl_365_r.ncl	\
	pmpl_366_n.ncl	\
	pmpl_366_r.ncl	\
	pmpl_367_n.ncl	\
	pmpl_367_r.ncl	\
	pmpl_368_n.ncl	\
	pmpl_368_r.ncl	\
	pmpl_369_n.ncl	\
	pmpl_369_r.ncl	\
	pmpl_370_n.ncl	\
	pmpl_370_r.ncl	\
	pmpl_371_n.ncl	\
	pmpl_371_r.ncl	\
	pmpl_372_n.ncl	\
	pmpl_372_r.ncl	\
	pmpl_373_n.ncl	\
	pmpl_373_r.ncl	\
	pmpl_374_n.ncl	\
	pmpl_374_r.ncl	\
	pmpl_375_n.ncl	\
	pmpl_375_r.ncl	\
	pmpl_376_n.ncl	\
	pmpl_376_r.ncl	\
	pmpl_377_n.ncl	\
	pmpl_377_r.ncl	\
	pmpl_378_n.ncl	\
	pmpl_378_r.ncl	\
	pmpl_379_n.ncl	\
	pmpl_379_r.ncl	\
	pmpl_380_n.ncl	\
	pmpl_380_r.ncl	\
	pmpl_381_n.ncl	\
	pmpl_381_r.ncl	\
	pmpl_382_n.ncl	\
	pmpl_382_r.ncl	\
	pmpl_383_n.ncl	\
	pmpl_383_r.ncl	\
	pmpl_384_n.ncl	\
	pmpl_384_r.ncl	\
	pmpl_385_n.ncl	\
	pmpl_385_r.ncl	\
	pmpl_386_n.ncl	\
	pmpl_386_r.ncl	\
	pmpl_412_n.ncl	\
	pmpl_412_r.ncl	\
	pmpl_413_n.ncl	\
	pmpl_413_r.ncl	\
	pmpl_414_n.ncl	\
	pmpl_414_r.ncl	\
	pmpl_415_n.ncl	\
	pmpl_415_r.ncl	\
	pmpl_416_n.ncl	\
	pmpl_416_r.ncl	\
	pmpl_417_n.ncl	\
	pmpl_417_r.ncl	\
	pmpl_418_n.ncl	\
	pmpl_418_r.ncl	\
	pmpl_419_n.ncl	\
	pmpl_419_r.ncl	\
	pmpl_420_n.ncl	\
	pmpl_420_r.ncl	\
	pmpl_421_n.ncl	\
	pmpl_422_n.ncl	\
	pmpl_423_n.ncl	\
	pmpl_424_n.ncl	\
	pmpl_425_n.ncl	\
	pmpl_426_n.ncl	
